"C:/Users/Nitro 5 PC/Documents/Unreal Projects/Project_1_Dog/Content/FridbergsContent/Background_Assets/Tiles_01.uasset" 0
"C:/Users/Nitro 5 PC/Documents/Unreal Projects/Project_1_Dog/Content/FridbergsContent/Background_Assets/Tiles_01.uexp" 1
"C:/Users/Nitro 5 PC/Documents/Unreal Projects/Project_1_Dog/Content/FridbergsContent/Background_Assets/Tiles_01_TileSet.uasset" 2
"C:/Users/Nitro 5 PC/Documents/Unreal Projects/Project_1_Dog/Content/FridbergsContent/Background_Assets/Tiles_01_TileSet.uexp" 3
"C:/Users/Nitro 5 PC/Documents/Unreal Projects/Project_1_Dog/Content/FridbergsContent/Background_Assets/Test.uasset" 4
"C:/Users/Nitro 5 PC/Documents/Unreal Projects/Project_1_Dog/Content/FridbergsContent/Background_Assets/Test.uexp" 5
"C:/Users/Nitro 5 PC/Documents/Unreal Projects/Project_1_Dog/Content/FridbergsContent/Background_Assets/Trees_01.uasset" 6
"C:/Users/Nitro 5 PC/Documents/Unreal Projects/Project_1_Dog/Content/FridbergsContent/Background_Assets/Trees_01.uexp" 7
"C:/Users/Nitro 5 PC/Documents/Unreal Projects/Project_1_Dog/Content/FridbergsContent/Background_Assets/Trees_01_Sprite_0.uasset" 8
"C:/Users/Nitro 5 PC/Documents/Unreal Projects/Project_1_Dog/Content/FridbergsContent/Background_Assets/Trees_01_Sprite_0.uexp" 9
"C:/Users/Nitro 5 PC/Documents/Unreal Projects/Project_1_Dog/Content/FridbergsContent/Background_Assets/Trees_01_Sprite_1.uasset" 10
"C:/Users/Nitro 5 PC/Documents/Unreal Projects/Project_1_Dog/Content/FridbergsContent/Background_Assets/Trees_01_Sprite_1.uexp" 11
"C:/Users/Nitro 5 PC/Documents/Unreal Projects/Project_1_Dog/Content/FridbergsContent/Background_Assets/Trees_01_Sprite_2.uasset" 12
"C:/Users/Nitro 5 PC/Documents/Unreal Projects/Project_1_Dog/Content/FridbergsContent/Background_Assets/Trees_01_Sprite_2.uexp" 13
"C:/Users/Nitro 5 PC/Documents/Unreal Projects/Project_1_Dog/Content/FridbergsContent/Background_Assets/Trees_01_Sprite_3.uasset" 14
"C:/Users/Nitro 5 PC/Documents/Unreal Projects/Project_1_Dog/Content/FridbergsContent/Background_Assets/Trees_01_Sprite_3.uexp" 15
"C:/Users/Nitro 5 PC/Documents/Unreal Projects/Project_1_Dog/Content/FridbergsContent/Char_Sprites/sprite-sheet-6.uasset" 16
"C:/Users/Nitro 5 PC/Documents/Unreal Projects/Project_1_Dog/Content/FridbergsContent/Char_Sprites/sprite-sheet-6.uexp" 17
"C:/Users/Nitro 5 PC/Documents/Unreal Projects/Project_1_Dog/Content/FridbergsContent/Char_Sprites/sprite-sheet-6_Sprite_12.uasset" 18
"C:/Users/Nitro 5 PC/Documents/Unreal Projects/Project_1_Dog/Content/FridbergsContent/Char_Sprites/sprite-sheet-6_Sprite_12.uexp" 19
"C:/Users/Nitro 5 PC/Documents/Unreal Projects/Project_1_Dog/Content/FridbergsContent/Char_Sprites/sprite-sheet-6_Sprite_22.uasset" 20
"C:/Users/Nitro 5 PC/Documents/Unreal Projects/Project_1_Dog/Content/FridbergsContent/Char_Sprites/sprite-sheet-6_Sprite_22.uexp" 21
"C:/Users/Nitro 5 PC/Documents/Unreal Projects/Project_1_Dog/Content/FridbergsContent/Char_Sprites/sprite-sheet-6_Sprite_23.uasset" 22
"C:/Users/Nitro 5 PC/Documents/Unreal Projects/Project_1_Dog/Content/FridbergsContent/Char_Sprites/sprite-sheet-6_Sprite_23.uexp" 23
"C:/Users/Nitro 5 PC/Documents/Unreal Projects/Project_1_Dog/Content/FridbergsContent/Char_Sprites/sprite-sheet-6_Sprite_24.uasset" 24
"C:/Users/Nitro 5 PC/Documents/Unreal Projects/Project_1_Dog/Content/FridbergsContent/Char_Sprites/sprite-sheet-6_Sprite_24.uexp" 25
"C:/Users/Nitro 5 PC/Documents/Unreal Projects/Project_1_Dog/Content/FridbergsContent/Char_Sprites/sprite-sheet-6_Sprite_25.uasset" 26
"C:/Users/Nitro 5 PC/Documents/Unreal Projects/Project_1_Dog/Content/FridbergsContent/Char_Sprites/sprite-sheet-6_Sprite_25.uexp" 27
"C:/Users/Nitro 5 PC/Documents/Unreal Projects/Project_1_Dog/Content/FridbergsContent/Char_Sprites/sprite-sheet-6_Sprite_31.uasset" 28
"C:/Users/Nitro 5 PC/Documents/Unreal Projects/Project_1_Dog/Content/FridbergsContent/Char_Sprites/sprite-sheet-6_Sprite_31.uexp" 29
"C:/Users/Nitro 5 PC/Documents/Unreal Projects/Project_1_Dog/Content/FridbergsContent/Char_Sprites/sprite-sheet-6_Sprite_45.uasset" 30
"C:/Users/Nitro 5 PC/Documents/Unreal Projects/Project_1_Dog/Content/FridbergsContent/Char_Sprites/sprite-sheet-6_Sprite_45.uexp" 31
"C:/Users/Nitro 5 PC/Documents/Unreal Projects/Project_1_Dog/Content/FridbergsContent/Char_Sprites/sprite-sheet-6_Sprite_48.uasset" 32
"C:/Users/Nitro 5 PC/Documents/Unreal Projects/Project_1_Dog/Content/FridbergsContent/Char_Sprites/sprite-sheet-6_Sprite_48.uexp" 33
"C:/Users/Nitro 5 PC/Documents/Unreal Projects/Project_1_Dog/Content/FridbergsContent/Char_Sprites/sprite-sheet-6_Sprite_49.uasset" 34
"C:/Users/Nitro 5 PC/Documents/Unreal Projects/Project_1_Dog/Content/FridbergsContent/Char_Sprites/sprite-sheet-6_Sprite_49.uexp" 35
"C:/Users/Nitro 5 PC/Documents/Unreal Projects/Project_1_Dog/Content/FridbergsContent/Char_Sprites/sprite-sheet-6_Sprite_50.uasset" 36
"C:/Users/Nitro 5 PC/Documents/Unreal Projects/Project_1_Dog/Content/FridbergsContent/Char_Sprites/sprite-sheet-6_Sprite_50.uexp" 37
"C:/Users/Nitro 5 PC/Documents/Unreal Projects/Project_1_Dog/Content/FridbergsContent/Char_Sprites/sprite-sheet-6_Sprite_51.uasset" 38
"C:/Users/Nitro 5 PC/Documents/Unreal Projects/Project_1_Dog/Content/FridbergsContent/Char_Sprites/sprite-sheet-6_Sprite_51.uexp" 39
"../../../Engine/Plugins/2D/Paper2D/Content/PlaceholderTextures/DummySpriteTexture.uasset" 40
"../../../Engine/Plugins/2D/Paper2D/Content/PlaceholderTextures/DummySpriteTexture.uexp" 41
"../../../Engine/Plugins/2D/Paper2D/Content/PlaceholderTextures/DummySpriteTexture.ubulk" 42
"../../../Engine/Plugins/2D/Paper2D/Content/DefaultSpriteMaterial.uasset" 43
"../../../Engine/Plugins/2D/Paper2D/Content/DefaultSpriteMaterial.uexp" 44
"../../../Engine/Plugins/2D/Paper2D/Content/TranslucentUnlitSpriteMaterial.uasset" 45
"../../../Engine/Plugins/2D/Paper2D/Content/TranslucentUnlitSpriteMaterial.uexp" 46
"C:/Users/Nitro 5 PC/Documents/Unreal Projects/Project_1_Dog/Content/FridbergsContent/Char_Sprites/sprite-sheet-6_Sprite_6.uasset" 47
"C:/Users/Nitro 5 PC/Documents/Unreal Projects/Project_1_Dog/Content/FridbergsContent/Char_Sprites/sprite-sheet-6_Sprite_6.uexp" 48
"C:/Users/Nitro 5 PC/Documents/Unreal Projects/Project_1_Dog/Content/FridbergsContent/Char_Sprites/sprite-sheet-6_Sprite_63.uasset" 49
"C:/Users/Nitro 5 PC/Documents/Unreal Projects/Project_1_Dog/Content/FridbergsContent/Char_Sprites/sprite-sheet-6_Sprite_63.uexp" 50
"C:/Users/Nitro 5 PC/Documents/Unreal Projects/Project_1_Dog/Content/FridbergsContent/Char_Sprites/sprite-sheet-6_Sprite_64.uasset" 51
"C:/Users/Nitro 5 PC/Documents/Unreal Projects/Project_1_Dog/Content/FridbergsContent/Char_Sprites/sprite-sheet-6_Sprite_64.uexp" 52
"C:/Users/Nitro 5 PC/Documents/Unreal Projects/Project_1_Dog/Content/FridbergsContent/Char_Sprites/sprite-sheet-6_Sprite_65.uasset" 53
"C:/Users/Nitro 5 PC/Documents/Unreal Projects/Project_1_Dog/Content/FridbergsContent/Char_Sprites/sprite-sheet-6_Sprite_65.uexp" 54
"C:/Users/Nitro 5 PC/Documents/Unreal Projects/Project_1_Dog/Content/FridbergsContent/Char_Sprites/sprite-sheet-6_Sprite_70.uasset" 55
"C:/Users/Nitro 5 PC/Documents/Unreal Projects/Project_1_Dog/Content/FridbergsContent/Char_Sprites/sprite-sheet-6_Sprite_70.uexp" 56
"C:/Users/Nitro 5 PC/Documents/Unreal Projects/Project_1_Dog/Content/FridbergsContent/Char_Sprites/sprite-sheet-6_Sprite_71.uasset" 57
"C:/Users/Nitro 5 PC/Documents/Unreal Projects/Project_1_Dog/Content/FridbergsContent/Char_Sprites/sprite-sheet-6_Sprite_71.uexp" 58
"C:/Users/Nitro 5 PC/Documents/Unreal Projects/Project_1_Dog/Content/FridbergsContent/Char_Sprites/sprite-sheet-6_Sprite_72.uasset" 59
"C:/Users/Nitro 5 PC/Documents/Unreal Projects/Project_1_Dog/Content/FridbergsContent/Char_Sprites/sprite-sheet-6_Sprite_72.uexp" 60
"C:/Users/Nitro 5 PC/Documents/Unreal Projects/Project_1_Dog/Content/FridbergsContent/Char_Sprites/sprite-sheet-6_Sprite_73.uasset" 61
"C:/Users/Nitro 5 PC/Documents/Unreal Projects/Project_1_Dog/Content/FridbergsContent/Char_Sprites/sprite-sheet-6_Sprite_73.uexp" 62
"C:/Users/Nitro 5 PC/Documents/Unreal Projects/Project_1_Dog/Content/FridbergsContent/Char_Sprites/sprite-sheet-6_Sprite_74.uasset" 63
"C:/Users/Nitro 5 PC/Documents/Unreal Projects/Project_1_Dog/Content/FridbergsContent/Char_Sprites/sprite-sheet-6_Sprite_74.uexp" 64
"C:/Users/Nitro 5 PC/Documents/Unreal Projects/Project_1_Dog/Content/FridbergsContent/Char_Sprites/sprite-sheet-6_Sprite_75.uasset" 65
"C:/Users/Nitro 5 PC/Documents/Unreal Projects/Project_1_Dog/Content/FridbergsContent/Char_Sprites/sprite-sheet-6_Sprite_75.uexp" 66
"C:/Users/Nitro 5 PC/Documents/Unreal Projects/Project_1_Dog/Content/FridbergsContent/Char_Sprites/sprite-sheet-6_Sprite_76.uasset" 67
"C:/Users/Nitro 5 PC/Documents/Unreal Projects/Project_1_Dog/Content/FridbergsContent/Char_Sprites/sprite-sheet-6_Sprite_76.uexp" 68
"C:/Users/Nitro 5 PC/Documents/Unreal Projects/Project_1_Dog/Content/FridbergsContent/Char_Sprites/sprite-sheet-6_Sprite_77.uasset" 69
"C:/Users/Nitro 5 PC/Documents/Unreal Projects/Project_1_Dog/Content/FridbergsContent/Char_Sprites/sprite-sheet-6_Sprite_77.uexp" 70
"C:/Users/Nitro 5 PC/Documents/Unreal Projects/Project_1_Dog/Content/FridbergsContent/Char_Sprites/sprite-sheet-6_Sprite_78.uasset" 71
"C:/Users/Nitro 5 PC/Documents/Unreal Projects/Project_1_Dog/Content/FridbergsContent/Char_Sprites/sprite-sheet-6_Sprite_78.uexp" 72
"C:/Users/Nitro 5 PC/Documents/Unreal Projects/Project_1_Dog/Content/FridbergsContent/Char_Sprites/sprite-sheet-6_Sprite_79.uasset" 73
"C:/Users/Nitro 5 PC/Documents/Unreal Projects/Project_1_Dog/Content/FridbergsContent/Char_Sprites/sprite-sheet-6_Sprite_79.uexp" 74
"C:/Users/Nitro 5 PC/Documents/Unreal Projects/Project_1_Dog/Content/FridbergsContent/Char_Sprites/sprite-sheet-6_Sprite_80.uasset" 75
"C:/Users/Nitro 5 PC/Documents/Unreal Projects/Project_1_Dog/Content/FridbergsContent/Char_Sprites/sprite-sheet-6_Sprite_80.uexp" 76
"C:/Users/Nitro 5 PC/Documents/Unreal Projects/Project_1_Dog/Content/FridbergsContent/Char_Sprites/sprite-sheet-6_Sprite_81.uasset" 77
"C:/Users/Nitro 5 PC/Documents/Unreal Projects/Project_1_Dog/Content/FridbergsContent/Char_Sprites/sprite-sheet-6_Sprite_81.uexp" 78
"C:/Users/Nitro 5 PC/Documents/Unreal Projects/Project_1_Dog/Content/FridbergsContent/Char_Sprites/sprite-sheet-6_Sprite_82.uasset" 79
"C:/Users/Nitro 5 PC/Documents/Unreal Projects/Project_1_Dog/Content/FridbergsContent/Char_Sprites/sprite-sheet-6_Sprite_82.uexp" 80
"C:/Users/Nitro 5 PC/Documents/Unreal Projects/Project_1_Dog/Content/FridbergsContent/Char_Sprites/sprite-sheet-6_Sprite_83.uasset" 81
"C:/Users/Nitro 5 PC/Documents/Unreal Projects/Project_1_Dog/Content/FridbergsContent/Char_Sprites/sprite-sheet-6_Sprite_83.uexp" 82
"C:/Users/Nitro 5 PC/Documents/Unreal Projects/Project_1_Dog/Content/FridbergsContent/Char_Sprites/sprite-sheet-6_Sprite_84.uasset" 83
"C:/Users/Nitro 5 PC/Documents/Unreal Projects/Project_1_Dog/Content/FridbergsContent/Char_Sprites/sprite-sheet-6_Sprite_84.uexp" 84
"C:/Users/Nitro 5 PC/Documents/Unreal Projects/Project_1_Dog/Content/FridbergsContent/Char_Sprites/sprite-sheet-6_Sprite_85.uasset" 85
"C:/Users/Nitro 5 PC/Documents/Unreal Projects/Project_1_Dog/Content/FridbergsContent/Char_Sprites/sprite-sheet-6_Sprite_85.uexp" 86
"C:/Users/Nitro 5 PC/Documents/Unreal Projects/Project_1_Dog/Content/FridbergsContent/Char_Sprites/sprite-sheet-6_Sprite_86.uasset" 87
"C:/Users/Nitro 5 PC/Documents/Unreal Projects/Project_1_Dog/Content/FridbergsContent/Char_Sprites/sprite-sheet-6_Sprite_86.uexp" 88
"C:/Users/Nitro 5 PC/Documents/Unreal Projects/Project_1_Dog/Content/FridbergsContent/Char_Sprites/sprite-sheet-6_Sprite_87.uasset" 89
"C:/Users/Nitro 5 PC/Documents/Unreal Projects/Project_1_Dog/Content/FridbergsContent/Char_Sprites/sprite-sheet-6_Sprite_87.uexp" 90
"C:/Users/Nitro 5 PC/Documents/Unreal Projects/Project_1_Dog/Content/FridbergsContent/Char_Sprites/sprite-sheet-6_Sprite_88.uasset" 91
"C:/Users/Nitro 5 PC/Documents/Unreal Projects/Project_1_Dog/Content/FridbergsContent/Char_Sprites/sprite-sheet-6_Sprite_88.uexp" 92
"C:/Users/Nitro 5 PC/Documents/Unreal Projects/Project_1_Dog/Content/FridbergsContent/Char_Sprites/sprite-sheet-6_Sprite_89.uasset" 93
"C:/Users/Nitro 5 PC/Documents/Unreal Projects/Project_1_Dog/Content/FridbergsContent/Char_Sprites/sprite-sheet-6_Sprite_89.uexp" 94
"C:/Users/Nitro 5 PC/Documents/Unreal Projects/Project_1_Dog/Content/FridbergsContent/Char_Sprites/sprite-sheet-6_Sprite_90.uasset" 95
"C:/Users/Nitro 5 PC/Documents/Unreal Projects/Project_1_Dog/Content/FridbergsContent/Char_Sprites/sprite-sheet-6_Sprite_90.uexp" 96
"C:/Users/Nitro 5 PC/Documents/Unreal Projects/Project_1_Dog/Content/FridbergsContent/Char_Sprites/sprite-sheet-6_Sprite_42.uasset" 97
"C:/Users/Nitro 5 PC/Documents/Unreal Projects/Project_1_Dog/Content/FridbergsContent/Char_Sprites/sprite-sheet-6_Sprite_42.uexp" 98
"C:/Users/Nitro 5 PC/Documents/Unreal Projects/Project_1_Dog/Content/FridbergsContent/Char_Sprites/sprite-sheet-6_Sprite_41.uasset" 99
"C:/Users/Nitro 5 PC/Documents/Unreal Projects/Project_1_Dog/Content/FridbergsContent/Char_Sprites/sprite-sheet-6_Sprite_41.uexp" 100
"C:/Users/Nitro 5 PC/Documents/Unreal Projects/Project_1_Dog/Content/FridbergsContent/Char_Sprites/sprite-sheet-6_Sprite_40.uasset" 101
"C:/Users/Nitro 5 PC/Documents/Unreal Projects/Project_1_Dog/Content/FridbergsContent/Char_Sprites/sprite-sheet-6_Sprite_40.uexp" 102
"C:/Users/Nitro 5 PC/Documents/Unreal Projects/Project_1_Dog/Content/FridbergsContent/Char_Sprites/sprite-sheet-6_Sprite_39.uasset" 103
"C:/Users/Nitro 5 PC/Documents/Unreal Projects/Project_1_Dog/Content/FridbergsContent/Char_Sprites/sprite-sheet-6_Sprite_39.uexp" 104
"C:/Users/Nitro 5 PC/Documents/Unreal Projects/Project_1_Dog/Content/FridbergsContent/Char_Sprites/Char_Animations/A_Dog_Crouch.uasset" 105
"C:/Users/Nitro 5 PC/Documents/Unreal Projects/Project_1_Dog/Content/FridbergsContent/Char_Sprites/Char_Animations/A_Dog_Crouch.uexp" 106
"C:/Users/Nitro 5 PC/Documents/Unreal Projects/Project_1_Dog/Content/FridbergsContent/Char_Sprites/sprite-sheet-6_Sprite_57.uasset" 107
"C:/Users/Nitro 5 PC/Documents/Unreal Projects/Project_1_Dog/Content/FridbergsContent/Char_Sprites/sprite-sheet-6_Sprite_57.uexp" 108
"C:/Users/Nitro 5 PC/Documents/Unreal Projects/Project_1_Dog/Content/FridbergsContent/Char_Sprites/sprite-sheet-6_Sprite_56.uasset" 109
"C:/Users/Nitro 5 PC/Documents/Unreal Projects/Project_1_Dog/Content/FridbergsContent/Char_Sprites/sprite-sheet-6_Sprite_56.uexp" 110
"C:/Users/Nitro 5 PC/Documents/Unreal Projects/Project_1_Dog/Content/FridbergsContent/Char_Sprites/sprite-sheet-6_Sprite_55.uasset" 111
"C:/Users/Nitro 5 PC/Documents/Unreal Projects/Project_1_Dog/Content/FridbergsContent/Char_Sprites/sprite-sheet-6_Sprite_55.uexp" 112
"C:/Users/Nitro 5 PC/Documents/Unreal Projects/Project_1_Dog/Content/FridbergsContent/Char_Sprites/sprite-sheet-6_Sprite_54.uasset" 113
"C:/Users/Nitro 5 PC/Documents/Unreal Projects/Project_1_Dog/Content/FridbergsContent/Char_Sprites/sprite-sheet-6_Sprite_54.uexp" 114
"C:/Users/Nitro 5 PC/Documents/Unreal Projects/Project_1_Dog/Content/FridbergsContent/Char_Sprites/sprite-sheet-6_Sprite_53.uasset" 115
"C:/Users/Nitro 5 PC/Documents/Unreal Projects/Project_1_Dog/Content/FridbergsContent/Char_Sprites/sprite-sheet-6_Sprite_53.uexp" 116
"C:/Users/Nitro 5 PC/Documents/Unreal Projects/Project_1_Dog/Content/FridbergsContent/Char_Sprites/sprite-sheet-6_Sprite_52.uasset" 117
"C:/Users/Nitro 5 PC/Documents/Unreal Projects/Project_1_Dog/Content/FridbergsContent/Char_Sprites/sprite-sheet-6_Sprite_52.uexp" 118
"C:/Users/Nitro 5 PC/Documents/Unreal Projects/Project_1_Dog/Content/FridbergsContent/Char_Sprites/Char_Animations/A_Dog_Damage.uasset" 119
"C:/Users/Nitro 5 PC/Documents/Unreal Projects/Project_1_Dog/Content/FridbergsContent/Char_Sprites/Char_Animations/A_Dog_Damage.uexp" 120
"C:/Users/Nitro 5 PC/Documents/Unreal Projects/Project_1_Dog/Content/FridbergsContent/Char_Sprites/sprite-sheet-6_Sprite_5.uasset" 121
"C:/Users/Nitro 5 PC/Documents/Unreal Projects/Project_1_Dog/Content/FridbergsContent/Char_Sprites/sprite-sheet-6_Sprite_5.uexp" 122
"C:/Users/Nitro 5 PC/Documents/Unreal Projects/Project_1_Dog/Content/FridbergsContent/Char_Sprites/sprite-sheet-6_Sprite_4.uasset" 123
"C:/Users/Nitro 5 PC/Documents/Unreal Projects/Project_1_Dog/Content/FridbergsContent/Char_Sprites/sprite-sheet-6_Sprite_4.uexp" 124
"C:/Users/Nitro 5 PC/Documents/Unreal Projects/Project_1_Dog/Content/FridbergsContent/Char_Sprites/sprite-sheet-6_Sprite_2.uasset" 125
"C:/Users/Nitro 5 PC/Documents/Unreal Projects/Project_1_Dog/Content/FridbergsContent/Char_Sprites/sprite-sheet-6_Sprite_2.uexp" 126
"C:/Users/Nitro 5 PC/Documents/Unreal Projects/Project_1_Dog/Content/FridbergsContent/Char_Sprites/sprite-sheet-6_Sprite_3.uasset" 127
"C:/Users/Nitro 5 PC/Documents/Unreal Projects/Project_1_Dog/Content/FridbergsContent/Char_Sprites/sprite-sheet-6_Sprite_3.uexp" 128
"C:/Users/Nitro 5 PC/Documents/Unreal Projects/Project_1_Dog/Content/FridbergsContent/Char_Sprites/sprite-sheet-6_Sprite_1.uasset" 129
"C:/Users/Nitro 5 PC/Documents/Unreal Projects/Project_1_Dog/Content/FridbergsContent/Char_Sprites/sprite-sheet-6_Sprite_1.uexp" 130
"C:/Users/Nitro 5 PC/Documents/Unreal Projects/Project_1_Dog/Content/FridbergsContent/Char_Sprites/sprite-sheet-6_Sprite_0.uasset" 131
"C:/Users/Nitro 5 PC/Documents/Unreal Projects/Project_1_Dog/Content/FridbergsContent/Char_Sprites/sprite-sheet-6_Sprite_0.uexp" 132
"C:/Users/Nitro 5 PC/Documents/Unreal Projects/Project_1_Dog/Content/FridbergsContent/Char_Sprites/Char_Animations/A_Dog_Idle_01.uasset" 133
"C:/Users/Nitro 5 PC/Documents/Unreal Projects/Project_1_Dog/Content/FridbergsContent/Char_Sprites/Char_Animations/A_Dog_Idle_01.uexp" 134
"C:/Users/Nitro 5 PC/Documents/Unreal Projects/Project_1_Dog/Content/FridbergsContent/Char_Sprites/sprite-sheet-6_Sprite_30.uasset" 135
"C:/Users/Nitro 5 PC/Documents/Unreal Projects/Project_1_Dog/Content/FridbergsContent/Char_Sprites/sprite-sheet-6_Sprite_30.uexp" 136
"C:/Users/Nitro 5 PC/Documents/Unreal Projects/Project_1_Dog/Content/FridbergsContent/Char_Sprites/sprite-sheet-6_Sprite_29.uasset" 137
"C:/Users/Nitro 5 PC/Documents/Unreal Projects/Project_1_Dog/Content/FridbergsContent/Char_Sprites/sprite-sheet-6_Sprite_29.uexp" 138
"C:/Users/Nitro 5 PC/Documents/Unreal Projects/Project_1_Dog/Content/FridbergsContent/Char_Sprites/sprite-sheet-6_Sprite_28.uasset" 139
"C:/Users/Nitro 5 PC/Documents/Unreal Projects/Project_1_Dog/Content/FridbergsContent/Char_Sprites/sprite-sheet-6_Sprite_28.uexp" 140
"C:/Users/Nitro 5 PC/Documents/Unreal Projects/Project_1_Dog/Content/FridbergsContent/Char_Sprites/sprite-sheet-6_Sprite_27.uasset" 141
"C:/Users/Nitro 5 PC/Documents/Unreal Projects/Project_1_Dog/Content/FridbergsContent/Char_Sprites/sprite-sheet-6_Sprite_27.uexp" 142
"C:/Users/Nitro 5 PC/Documents/Unreal Projects/Project_1_Dog/Content/FridbergsContent/Char_Sprites/sprite-sheet-6_Sprite_26.uasset" 143
"C:/Users/Nitro 5 PC/Documents/Unreal Projects/Project_1_Dog/Content/FridbergsContent/Char_Sprites/sprite-sheet-6_Sprite_26.uexp" 144
"C:/Users/Nitro 5 PC/Documents/Unreal Projects/Project_1_Dog/Content/FridbergsContent/Char_Sprites/Char_Animations/A_Dog_Jump.uasset" 145
"C:/Users/Nitro 5 PC/Documents/Unreal Projects/Project_1_Dog/Content/FridbergsContent/Char_Sprites/Char_Animations/A_Dog_Jump.uexp" 146
"C:/Users/Nitro 5 PC/Documents/Unreal Projects/Project_1_Dog/Content/FridbergsContent/Char_Sprites/sprite-sheet-6_Sprite_44.uasset" 147
"C:/Users/Nitro 5 PC/Documents/Unreal Projects/Project_1_Dog/Content/FridbergsContent/Char_Sprites/sprite-sheet-6_Sprite_44.uexp" 148
"C:/Users/Nitro 5 PC/Documents/Unreal Projects/Project_1_Dog/Content/FridbergsContent/Char_Sprites/sprite-sheet-6_Sprite_43.uasset" 149
"C:/Users/Nitro 5 PC/Documents/Unreal Projects/Project_1_Dog/Content/FridbergsContent/Char_Sprites/sprite-sheet-6_Sprite_43.uexp" 150
"C:/Users/Nitro 5 PC/Documents/Unreal Projects/Project_1_Dog/Content/FridbergsContent/Char_Sprites/Char_Animations/A_Dog_MoveCrouch.uasset" 151
"C:/Users/Nitro 5 PC/Documents/Unreal Projects/Project_1_Dog/Content/FridbergsContent/Char_Sprites/Char_Animations/A_Dog_MoveCrouch.uexp" 152
"C:/Users/Nitro 5 PC/Documents/Unreal Projects/Project_1_Dog/Content/FridbergsContent/Char_Sprites/sprite-sheet-6_Sprite_21.uasset" 153
"C:/Users/Nitro 5 PC/Documents/Unreal Projects/Project_1_Dog/Content/FridbergsContent/Char_Sprites/sprite-sheet-6_Sprite_21.uexp" 154
"C:/Users/Nitro 5 PC/Documents/Unreal Projects/Project_1_Dog/Content/FridbergsContent/Char_Sprites/sprite-sheet-6_Sprite_20.uasset" 155
"C:/Users/Nitro 5 PC/Documents/Unreal Projects/Project_1_Dog/Content/FridbergsContent/Char_Sprites/sprite-sheet-6_Sprite_20.uexp" 156
"C:/Users/Nitro 5 PC/Documents/Unreal Projects/Project_1_Dog/Content/FridbergsContent/Char_Sprites/sprite-sheet-6_Sprite_19.uasset" 157
"C:/Users/Nitro 5 PC/Documents/Unreal Projects/Project_1_Dog/Content/FridbergsContent/Char_Sprites/sprite-sheet-6_Sprite_19.uexp" 158
"C:/Users/Nitro 5 PC/Documents/Unreal Projects/Project_1_Dog/Content/FridbergsContent/Char_Sprites/sprite-sheet-6_Sprite_18.uasset" 159
"C:/Users/Nitro 5 PC/Documents/Unreal Projects/Project_1_Dog/Content/FridbergsContent/Char_Sprites/sprite-sheet-6_Sprite_18.uexp" 160
"C:/Users/Nitro 5 PC/Documents/Unreal Projects/Project_1_Dog/Content/FridbergsContent/Char_Sprites/sprite-sheet-6_Sprite_17.uasset" 161
"C:/Users/Nitro 5 PC/Documents/Unreal Projects/Project_1_Dog/Content/FridbergsContent/Char_Sprites/sprite-sheet-6_Sprite_17.uexp" 162
"C:/Users/Nitro 5 PC/Documents/Unreal Projects/Project_1_Dog/Content/FridbergsContent/Char_Sprites/sprite-sheet-6_Sprite_16.uasset" 163
"C:/Users/Nitro 5 PC/Documents/Unreal Projects/Project_1_Dog/Content/FridbergsContent/Char_Sprites/sprite-sheet-6_Sprite_16.uexp" 164
"C:/Users/Nitro 5 PC/Documents/Unreal Projects/Project_1_Dog/Content/FridbergsContent/Char_Sprites/sprite-sheet-6_Sprite_15.uasset" 165
"C:/Users/Nitro 5 PC/Documents/Unreal Projects/Project_1_Dog/Content/FridbergsContent/Char_Sprites/sprite-sheet-6_Sprite_15.uexp" 166
"C:/Users/Nitro 5 PC/Documents/Unreal Projects/Project_1_Dog/Content/FridbergsContent/Char_Sprites/sprite-sheet-6_Sprite_14.uasset" 167
"C:/Users/Nitro 5 PC/Documents/Unreal Projects/Project_1_Dog/Content/FridbergsContent/Char_Sprites/sprite-sheet-6_Sprite_14.uexp" 168
"C:/Users/Nitro 5 PC/Documents/Unreal Projects/Project_1_Dog/Content/FridbergsContent/Char_Sprites/sprite-sheet-6_Sprite_13.uasset" 169
"C:/Users/Nitro 5 PC/Documents/Unreal Projects/Project_1_Dog/Content/FridbergsContent/Char_Sprites/sprite-sheet-6_Sprite_13.uexp" 170
"C:/Users/Nitro 5 PC/Documents/Unreal Projects/Project_1_Dog/Content/FridbergsContent/Char_Sprites/Char_Animations/A_Dog_Run.uasset" 171
"C:/Users/Nitro 5 PC/Documents/Unreal Projects/Project_1_Dog/Content/FridbergsContent/Char_Sprites/Char_Animations/A_Dog_Run.uexp" 172
"C:/Users/Nitro 5 PC/Documents/Unreal Projects/Project_1_Dog/Content/FridbergsContent/Char_Sprites/Char_Animations/A_Dog_Walk.uasset" 173
"C:/Users/Nitro 5 PC/Documents/Unreal Projects/Project_1_Dog/Content/FridbergsContent/Char_Sprites/Char_Animations/A_Dog_Walk.uexp" 174
"C:/Users/Nitro 5 PC/Documents/Unreal Projects/Project_1_Dog/Content/FridbergsContent/Char_Sprites/sprite-sheet-6_Sprite_9.uasset" 175
"C:/Users/Nitro 5 PC/Documents/Unreal Projects/Project_1_Dog/Content/FridbergsContent/Char_Sprites/sprite-sheet-6_Sprite_9.uexp" 176
"C:/Users/Nitro 5 PC/Documents/Unreal Projects/Project_1_Dog/Content/FridbergsContent/Char_Sprites/sprite-sheet-6_Sprite_8.uasset" 177
"C:/Users/Nitro 5 PC/Documents/Unreal Projects/Project_1_Dog/Content/FridbergsContent/Char_Sprites/sprite-sheet-6_Sprite_8.uexp" 178
"C:/Users/Nitro 5 PC/Documents/Unreal Projects/Project_1_Dog/Content/FridbergsContent/Char_Sprites/sprite-sheet-6_Sprite_7.uasset" 179
"C:/Users/Nitro 5 PC/Documents/Unreal Projects/Project_1_Dog/Content/FridbergsContent/Char_Sprites/sprite-sheet-6_Sprite_7.uexp" 180
"C:/Users/Nitro 5 PC/Documents/Unreal Projects/Project_1_Dog/Content/FridbergsContent/Char_Sprites/sprite-sheet-6_Sprite_11.uasset" 181
"C:/Users/Nitro 5 PC/Documents/Unreal Projects/Project_1_Dog/Content/FridbergsContent/Char_Sprites/sprite-sheet-6_Sprite_11.uexp" 182
"C:/Users/Nitro 5 PC/Documents/Unreal Projects/Project_1_Dog/Content/FridbergsContent/Char_Sprites/sprite-sheet-6_Sprite_10.uasset" 183
"C:/Users/Nitro 5 PC/Documents/Unreal Projects/Project_1_Dog/Content/FridbergsContent/Char_Sprites/sprite-sheet-6_Sprite_10.uexp" 184
"C:/Users/Nitro 5 PC/Documents/Unreal Projects/Project_1_Dog/Content/FridbergsContent/Char_Sprites/Char_Animations/A_Porcupine_Attack.uasset" 185
"C:/Users/Nitro 5 PC/Documents/Unreal Projects/Project_1_Dog/Content/FridbergsContent/Char_Sprites/Char_Animations/A_Porcupine_Attack.uexp" 186
"C:/Users/Nitro 5 PC/Documents/Unreal Projects/Project_1_Dog/Content/FridbergsContent/Char_Sprites/sprite-sheet-6_Sprite_47.uasset" 187
"C:/Users/Nitro 5 PC/Documents/Unreal Projects/Project_1_Dog/Content/FridbergsContent/Char_Sprites/sprite-sheet-6_Sprite_47.uexp" 188
"C:/Users/Nitro 5 PC/Documents/Unreal Projects/Project_1_Dog/Content/FridbergsContent/Char_Sprites/sprite-sheet-6_Sprite_46.uasset" 189
"C:/Users/Nitro 5 PC/Documents/Unreal Projects/Project_1_Dog/Content/FridbergsContent/Char_Sprites/sprite-sheet-6_Sprite_46.uexp" 190
"C:/Users/Nitro 5 PC/Documents/Unreal Projects/Project_1_Dog/Content/FridbergsContent/Char_Sprites/Char_Animations/A_Porcupine_Walk.uasset" 191
"C:/Users/Nitro 5 PC/Documents/Unreal Projects/Project_1_Dog/Content/FridbergsContent/Char_Sprites/Char_Animations/A_Porcupine_Walk.uexp" 192
"C:/Users/Nitro 5 PC/Documents/Unreal Projects/Project_1_Dog/Content/FridbergsContent/Char_Sprites/sprite-sheet-6_Sprite_62.uasset" 193
"C:/Users/Nitro 5 PC/Documents/Unreal Projects/Project_1_Dog/Content/FridbergsContent/Char_Sprites/sprite-sheet-6_Sprite_62.uexp" 194
"C:/Users/Nitro 5 PC/Documents/Unreal Projects/Project_1_Dog/Content/FridbergsContent/Char_Sprites/sprite-sheet-6_Sprite_61.uasset" 195
"C:/Users/Nitro 5 PC/Documents/Unreal Projects/Project_1_Dog/Content/FridbergsContent/Char_Sprites/sprite-sheet-6_Sprite_61.uexp" 196
"C:/Users/Nitro 5 PC/Documents/Unreal Projects/Project_1_Dog/Content/FridbergsContent/Char_Sprites/Char_Animations/A_Squirrel_Acorn.uasset" 197
"C:/Users/Nitro 5 PC/Documents/Unreal Projects/Project_1_Dog/Content/FridbergsContent/Char_Sprites/Char_Animations/A_Squirrel_Acorn.uexp" 198
"C:/Users/Nitro 5 PC/Documents/Unreal Projects/Project_1_Dog/Content/FridbergsContent/Char_Sprites/sprite-sheet-6_Sprite_38.uasset" 199
"C:/Users/Nitro 5 PC/Documents/Unreal Projects/Project_1_Dog/Content/FridbergsContent/Char_Sprites/sprite-sheet-6_Sprite_38.uexp" 200
"C:/Users/Nitro 5 PC/Documents/Unreal Projects/Project_1_Dog/Content/FridbergsContent/Char_Sprites/sprite-sheet-6_Sprite_37.uasset" 201
"C:/Users/Nitro 5 PC/Documents/Unreal Projects/Project_1_Dog/Content/FridbergsContent/Char_Sprites/sprite-sheet-6_Sprite_37.uexp" 202
"C:/Users/Nitro 5 PC/Documents/Unreal Projects/Project_1_Dog/Content/FridbergsContent/Char_Sprites/sprite-sheet-6_Sprite_36.uasset" 203
"C:/Users/Nitro 5 PC/Documents/Unreal Projects/Project_1_Dog/Content/FridbergsContent/Char_Sprites/sprite-sheet-6_Sprite_36.uexp" 204
"C:/Users/Nitro 5 PC/Documents/Unreal Projects/Project_1_Dog/Content/FridbergsContent/Char_Sprites/sprite-sheet-6_Sprite_35.uasset" 205
"C:/Users/Nitro 5 PC/Documents/Unreal Projects/Project_1_Dog/Content/FridbergsContent/Char_Sprites/sprite-sheet-6_Sprite_35.uexp" 206
"C:/Users/Nitro 5 PC/Documents/Unreal Projects/Project_1_Dog/Content/FridbergsContent/Char_Sprites/sprite-sheet-6_Sprite_34.uasset" 207
"C:/Users/Nitro 5 PC/Documents/Unreal Projects/Project_1_Dog/Content/FridbergsContent/Char_Sprites/sprite-sheet-6_Sprite_34.uexp" 208
"C:/Users/Nitro 5 PC/Documents/Unreal Projects/Project_1_Dog/Content/FridbergsContent/Char_Sprites/sprite-sheet-6_Sprite_33.uasset" 209
"C:/Users/Nitro 5 PC/Documents/Unreal Projects/Project_1_Dog/Content/FridbergsContent/Char_Sprites/sprite-sheet-6_Sprite_33.uexp" 210
"C:/Users/Nitro 5 PC/Documents/Unreal Projects/Project_1_Dog/Content/FridbergsContent/Char_Sprites/sprite-sheet-6_Sprite_32.uasset" 211
"C:/Users/Nitro 5 PC/Documents/Unreal Projects/Project_1_Dog/Content/FridbergsContent/Char_Sprites/sprite-sheet-6_Sprite_32.uexp" 212
"C:/Users/Nitro 5 PC/Documents/Unreal Projects/Project_1_Dog/Content/FridbergsContent/Char_Sprites/Char_Animations/A_Squirrel_Death.uasset" 213
"C:/Users/Nitro 5 PC/Documents/Unreal Projects/Project_1_Dog/Content/FridbergsContent/Char_Sprites/Char_Animations/A_Squirrel_Death.uexp" 214
"C:/Users/Nitro 5 PC/Documents/Unreal Projects/Project_1_Dog/Content/FridbergsContent/Char_Sprites/sprite-sheet-6_Sprite_60.uasset" 215
"C:/Users/Nitro 5 PC/Documents/Unreal Projects/Project_1_Dog/Content/FridbergsContent/Char_Sprites/sprite-sheet-6_Sprite_60.uexp" 216
"C:/Users/Nitro 5 PC/Documents/Unreal Projects/Project_1_Dog/Content/FridbergsContent/Char_Sprites/sprite-sheet-6_Sprite_59.uasset" 217
"C:/Users/Nitro 5 PC/Documents/Unreal Projects/Project_1_Dog/Content/FridbergsContent/Char_Sprites/sprite-sheet-6_Sprite_59.uexp" 218
"C:/Users/Nitro 5 PC/Documents/Unreal Projects/Project_1_Dog/Content/FridbergsContent/Char_Sprites/sprite-sheet-6_Sprite_58.uasset" 219
"C:/Users/Nitro 5 PC/Documents/Unreal Projects/Project_1_Dog/Content/FridbergsContent/Char_Sprites/sprite-sheet-6_Sprite_58.uexp" 220
"C:/Users/Nitro 5 PC/Documents/Unreal Projects/Project_1_Dog/Content/FridbergsContent/Char_Sprites/Char_Animations/A_Squirrel_Run.uasset" 221
"C:/Users/Nitro 5 PC/Documents/Unreal Projects/Project_1_Dog/Content/FridbergsContent/Char_Sprites/Char_Animations/A_Squirrel_Run.uexp" 222
"C:/Users/Nitro 5 PC/Documents/Unreal Projects/Project_1_Dog/Content/FridbergsContent/Char_Sprites/Char_Animations/Crouched_Dog.uasset" 223
"C:/Users/Nitro 5 PC/Documents/Unreal Projects/Project_1_Dog/Content/FridbergsContent/Char_Sprites/Char_Animations/Crouched_Dog.uexp" 224
"C:/Users/Nitro 5 PC/Documents/Unreal Projects/Project_1_Dog/Content/FridbergsContent/Char_Sprites/Char_Animations/Dog_Sit.uasset" 225
"C:/Users/Nitro 5 PC/Documents/Unreal Projects/Project_1_Dog/Content/FridbergsContent/Char_Sprites/Char_Animations/Dog_Sit.uexp" 226
"C:/Users/Nitro 5 PC/Documents/Unreal Projects/Project_1_Dog/Content/FridbergsContent/Char_Sprites/sprite-sheet-6_Sprite_69.uasset" 227
"C:/Users/Nitro 5 PC/Documents/Unreal Projects/Project_1_Dog/Content/FridbergsContent/Char_Sprites/sprite-sheet-6_Sprite_69.uexp" 228
"C:/Users/Nitro 5 PC/Documents/Unreal Projects/Project_1_Dog/Content/FridbergsContent/Char_Sprites/sprite-sheet-6_Sprite_68.uasset" 229
"C:/Users/Nitro 5 PC/Documents/Unreal Projects/Project_1_Dog/Content/FridbergsContent/Char_Sprites/sprite-sheet-6_Sprite_68.uexp" 230
"C:/Users/Nitro 5 PC/Documents/Unreal Projects/Project_1_Dog/Content/FridbergsContent/Char_Sprites/sprite-sheet-6_Sprite_67.uasset" 231
"C:/Users/Nitro 5 PC/Documents/Unreal Projects/Project_1_Dog/Content/FridbergsContent/Char_Sprites/sprite-sheet-6_Sprite_67.uexp" 232
"C:/Users/Nitro 5 PC/Documents/Unreal Projects/Project_1_Dog/Content/FridbergsContent/Char_Sprites/sprite-sheet-6_Sprite_66.uasset" 233
"C:/Users/Nitro 5 PC/Documents/Unreal Projects/Project_1_Dog/Content/FridbergsContent/Char_Sprites/sprite-sheet-6_Sprite_66.uexp" 234
"C:/Users/Nitro 5 PC/Documents/Unreal Projects/Project_1_Dog/Content/FridbergsContent/Char_Sprites/Char_Animations/sprite-sheet-7.uasset" 235
"C:/Users/Nitro 5 PC/Documents/Unreal Projects/Project_1_Dog/Content/FridbergsContent/Char_Sprites/Char_Animations/sprite-sheet-7.uexp" 236
"C:/Users/Nitro 5 PC/Documents/Unreal Projects/Project_1_Dog/Content/FridbergsContent/Char_Sprites/Char_Animations/Squirrel_Idle.uasset" 237
"C:/Users/Nitro 5 PC/Documents/Unreal Projects/Project_1_Dog/Content/FridbergsContent/Char_Sprites/Char_Animations/Squirrel_Idle.uexp" 238
"C:/Users/Nitro 5 PC/Documents/Unreal Projects/Project_1_Dog/Content/FridbergsContent/Char_Sprites/Char_Animations/Test_Ani.uasset" 239
"C:/Users/Nitro 5 PC/Documents/Unreal Projects/Project_1_Dog/Content/FridbergsContent/Char_Sprites/Char_Animations/Test_Ani.uexp" 240
"../../../Engine/Content/EngineMaterials/T_Default_Material_Grid_N.uasset" 241
"../../../Engine/Content/EngineMaterials/T_Default_Material_Grid_N.uexp" 242
"../../../Engine/Content/EngineMaterials/T_Default_Material_Grid_N.ubulk" 243
"../../../Engine/Content/EngineMaterials/T_Default_Material_Grid_M.uasset" 244
"../../../Engine/Content/EngineMaterials/T_Default_Material_Grid_M.uexp" 245
"../../../Engine/Content/EngineMaterials/T_Default_Material_Grid_M.ubulk" 246
"../../../Engine/Content/Functions/Engine_MaterialFunctions01/Opacity/CameraDepthFade.uasset" 247
"../../../Engine/Content/Functions/Engine_MaterialFunctions01/Opacity/CameraDepthFade.uexp" 248
"../../../Engine/Content/EngineMaterials/WorldGridMaterial.uasset" 249
"../../../Engine/Content/EngineMaterials/WorldGridMaterial.uexp" 250
"../../../Engine/Content/ArtTools/RenderToTexture/Meshes/S_1_Unit_Plane.uasset" 251
"../../../Engine/Content/ArtTools/RenderToTexture/Meshes/S_1_Unit_Plane.uexp" 252
"../../../Engine/Content/EngineMaterials/DefaultMaterial.uasset" 253
"../../../Engine/Content/EngineMaterials/DefaultMaterial.uexp" 254
"../../../Engine/Content/BasicShapes/Cone.uasset" 255
"../../../Engine/Content/BasicShapes/Cone.uexp" 256
"../../../Engine/Content/BasicShapes/Cube.uasset" 257
"../../../Engine/Content/BasicShapes/Cube.uexp" 258
"../../../Engine/Content/BasicShapes/Plane.uasset" 259
"../../../Engine/Content/BasicShapes/Plane.uexp" 260
"../../../Engine/Content/BasicShapes/Sphere.uasset" 261
"../../../Engine/Content/BasicShapes/Sphere.uexp" 262
"../../../Engine/Content/EditorLandscapeResources/DataLayer.uasset" 263
"../../../Engine/Content/EditorLandscapeResources/DataLayer.uexp" 264
"../../../Engine/Content/EditorLandscapeResources/DefaultAlphaTexture.uasset" 265
"../../../Engine/Content/EditorLandscapeResources/DefaultAlphaTexture.uexp" 266
"../../../Engine/Content/EditorMaterials/MAT_Groups_Toggle.uasset" 267
"../../../Engine/Content/EditorMaterials/MAT_Groups_Toggle.uexp" 268
"../../../Engine/Content/EditorMaterials/MAT_Groups_Visibility.uasset" 269
"../../../Engine/Content/EditorMaterials/MAT_Groups_Visibility.uexp" 270
"../../../Engine/Content/EditorMaterials/PreviewShadowIndicator.uasset" 271
"../../../Engine/Content/EditorMaterials/PreviewShadowIndicator.uexp" 272
"../../../Engine/Content/EditorMaterials/PreviewShadowIndicator.ubulk" 273
"../../../Engine/Content/EditorMaterials/PreviewShadowIndicatorMaterial.uasset" 274
"../../../Engine/Content/EditorMaterials/PreviewShadowIndicatorMaterial.uexp" 275
"../../../Engine/Content/EditorMaterials/MatineeGroups/MAT_ColorTrack.uasset" 276
"../../../Engine/Content/EditorMaterials/MatineeGroups/MAT_ColorTrack.uexp" 277
"../../../Engine/Content/EditorMaterials/MatineeGroups/MAT_Groups_Anim.uasset" 278
"../../../Engine/Content/EditorMaterials/MatineeGroups/MAT_Groups_Anim.uexp" 279
"../../../Engine/Content/EditorMaterials/MatineeGroups/MAT_Groups_AudioMaster.uasset" 280
"../../../Engine/Content/EditorMaterials/MatineeGroups/MAT_Groups_AudioMaster.uexp" 281
"../../../Engine/Content/EditorMaterials/MatineeGroups/MAT_Groups_Director.uasset" 282
"../../../Engine/Content/EditorMaterials/MatineeGroups/MAT_Groups_Director.uexp" 283
"../../../Engine/Content/EditorMaterials/MatineeGroups/MAT_Groups_Event.uasset" 284
"../../../Engine/Content/EditorMaterials/MatineeGroups/MAT_Groups_Event.uexp" 285
"../../../Engine/Content/EditorMaterials/MatineeGroups/MAT_Groups_Fade.uasset" 286
"../../../Engine/Content/EditorMaterials/MatineeGroups/MAT_Groups_Fade.uexp" 287
"../../../Engine/Content/EditorMaterials/MatineeGroups/MAT_Groups_Float.uasset" 288
"../../../Engine/Content/EditorMaterials/MatineeGroups/MAT_Groups_Float.uexp" 289
"../../../Engine/Content/EditorMaterials/MatineeGroups/MAT_Groups_Move.uasset" 290
"../../../Engine/Content/EditorMaterials/MatineeGroups/MAT_Groups_Move.uexp" 291
"../../../Engine/Content/EditorMaterials/MatineeGroups/MAT_Groups_Slomo.uasset" 292
"../../../Engine/Content/EditorMaterials/MatineeGroups/MAT_Groups_Slomo.uexp" 293
"../../../Engine/Content/EditorMaterials/MatineeGroups/MAT_Groups_Sound.uasset" 294
"../../../Engine/Content/EditorMaterials/MatineeGroups/MAT_Groups_Sound.uexp" 295
"../../../Engine/Content/EditorMaterials/MatineeGroups/MAT_Groups_Vector.uasset" 296
"../../../Engine/Content/EditorMaterials/MatineeGroups/MAT_Groups_Vector.uexp" 297
"../../../Engine/Content/EditorMaterials/ParticleSystems/PSysThumbnail_NoImage.uasset" 298
"../../../Engine/Content/EditorMaterials/ParticleSystems/PSysThumbnail_NoImage.uexp" 299
"../../../Engine/Content/EditorMaterials/ParticleSystems/PSysThumbnail_NoImage.ubulk" 300
"../../../Engine/Content/EditorMaterials/ParticleSystems/PSysThumbnail_OOD.uasset" 301
"../../../Engine/Content/EditorMaterials/ParticleSystems/PSysThumbnail_OOD.uexp" 302
"../../../Engine/Content/EditorMaterials/ParticleSystems/PSysThumbnail_OOD.ubulk" 303
"../../../Engine/Content/EditorMaterials/Camera/CineMat.uasset" 304
"../../../Engine/Content/EditorMaterials/Camera/CineMat.uexp" 305
"../../../Engine/Content/EditorMaterials/Camera/MI_CineMat_Rig.uasset" 306
"../../../Engine/Content/EditorMaterials/Camera/MI_CineMat_Rig.uexp" 307
"../../../Engine/Content/EditorMeshes/Camera/SM_CraneRig_Arm.uasset" 308
"../../../Engine/Content/EditorMeshes/Camera/SM_CraneRig_Arm.uexp" 309
"../../../Engine/Content/EditorMeshes/Camera/SM_CraneRig_Base.uasset" 310
"../../../Engine/Content/EditorMeshes/Camera/SM_CraneRig_Base.uexp" 311
"../../../Engine/Content/EditorMeshes/Camera/SM_CraneRig_Body.uasset" 312
"../../../Engine/Content/EditorMeshes/Camera/SM_CraneRig_Body.uexp" 313
"../../../Engine/Content/EditorMeshes/Camera/SM_CraneRig_Mount.uasset" 314
"../../../Engine/Content/EditorMeshes/Camera/SM_CraneRig_Mount.uexp" 315
"../../../Engine/Content/EditorMeshes/Camera/SM_RailRig_Mount.uasset" 316
"../../../Engine/Content/EditorMeshes/Camera/SM_RailRig_Mount.uexp" 317
"../../../Engine/Content/EditorMeshes/Camera/SM_RailRig_Track.uasset" 318
"../../../Engine/Content/EditorMeshes/Camera/SM_RailRig_Track.uexp" 319
"../../../Engine/Content/EditorResources/BSPVertex.uasset" 320
"../../../Engine/Content/EditorResources/BSPVertex.uexp" 321
"../../../Engine/Content/EditorResources/EmptyActor.uasset" 322
"../../../Engine/Content/EditorResources/EmptyActor.uexp" 323
"../../../Engine/Content/EditorResources/S_Actor.uasset" 324
"../../../Engine/Content/EditorResources/S_Actor.uexp" 325
"../../../Engine/Content/EditorResources/S_Actor.ubulk" 326
"../../../Engine/Content/EditorResources/S_Note.uasset" 327
"../../../Engine/Content/EditorResources/S_Note.uexp" 328
"../../../Engine/Content/EditorResources/S_Note.ubulk" 329
"../../../Engine/Content/EditorResources/S_Solver.uasset" 330
"../../../Engine/Content/EditorResources/S_Solver.uexp" 331
"../../../Engine/Content/EditorResources/S_Solver.ubulk" 332
"../../../Engine/Content/EditorResources/S_Terrain.uasset" 333
"../../../Engine/Content/EditorResources/S_Terrain.uexp" 334
"../../../Engine/Content/EditorResources/S_Terrain.ubulk" 335
"../../../Engine/Content/EditorResources/S_Trigger.uasset" 336
"../../../Engine/Content/EditorResources/S_Trigger.uexp" 337
"../../../Engine/Content/EditorResources/S_Trigger.ubulk" 338
"../../../Engine/Content/EditorResources/LightIcons/S_LightError.uasset" 339
"../../../Engine/Content/EditorResources/LightIcons/S_LightError.uexp" 340
"../../../Engine/Content/EditorResources/SequenceRecorder/Countdown.uasset" 341
"../../../Engine/Content/EditorResources/SequenceRecorder/Countdown.uexp" 342
"../../../Engine/Content/EditorResources/SequenceRecorder/RecordingIndicator.uasset" 343
"../../../Engine/Content/EditorResources/SequenceRecorder/RecordingIndicator.uexp" 344
"../../../Engine/Content/EngineDamageTypes/DmgTypeBP_Environmental.uasset" 345
"../../../Engine/Content/EngineDamageTypes/DmgTypeBP_Environmental.uexp" 346
"../../../Engine/Content/EngineDebugMaterials/DebugEditorMaterial.uasset" 347
"../../../Engine/Content/EngineDebugMaterials/DebugEditorMaterial.uexp" 348
"../../../Engine/Content/EngineDebugMaterials/DebugMeshMaterial.uasset" 349
"../../../Engine/Content/EngineDebugMaterials/DebugMeshMaterial.uexp" 350
"../../../Engine/Content/EngineDebugMaterials/M_SimpleUnlitTranslucent.uasset" 351
"../../../Engine/Content/EngineDebugMaterials/M_SimpleUnlitTranslucent.uexp" 352
"../../../Engine/Content/EngineDebugMaterials/VolumeToRender.uasset" 353
"../../../Engine/Content/EngineDebugMaterials/VolumeToRender.uexp" 354
"../../../Engine/Content/Functions/Engine_MaterialFunctions02/Utility/CameraDirectionVector.uasset" 355
"../../../Engine/Content/Functions/Engine_MaterialFunctions02/Utility/CameraDirectionVector.uexp" 356
"../../../Engine/Content/EngineDebugMaterials/M_VolumeRenderSphereTracePP.uasset" 357
"../../../Engine/Content/EngineDebugMaterials/M_VolumeRenderSphereTracePP.uexp" 358
"../../../Engine/Content/Functions/Engine_MaterialFunctions01/Shading/ConvertFromDiffSpec.uasset" 359
"../../../Engine/Content/Functions/Engine_MaterialFunctions01/Shading/ConvertFromDiffSpec.uexp" 360
"../../../Engine/Content/EngineDebugMaterials/VertexColorMaterial.uasset" 361
"../../../Engine/Content/EngineDebugMaterials/VertexColorMaterial.uexp" 362
"../../../Engine/Content/EngineDebugMaterials/WireframeMaterial.uasset" 363
"../../../Engine/Content/EngineDebugMaterials/WireframeMaterial.uexp" 364
"../../../Engine/Content/EngineFonts/Faces/RobotoRegular.uasset" 365
"../../../Engine/Content/EngineFonts/Faces/RobotoRegular.uexp" 366
"../../../Engine/Content/EngineFonts/Faces/RobotoRegular.ufont" 367
"../../../Engine/Content/EngineFonts/Faces/RobotoLight.uasset" 368
"../../../Engine/Content/EngineFonts/Faces/RobotoLight.uexp" 369
"../../../Engine/Content/EngineFonts/Faces/RobotoLight.ufont" 370
"../../../Engine/Content/EngineFonts/Faces/RobotoItalic.uasset" 371
"../../../Engine/Content/EngineFonts/Faces/RobotoItalic.uexp" 372
"../../../Engine/Content/EngineFonts/Faces/RobotoItalic.ufont" 373
"../../../Engine/Content/EngineFonts/Faces/RobotoBoldItalic.uasset" 374
"../../../Engine/Content/EngineFonts/Faces/RobotoBoldItalic.uexp" 375
"../../../Engine/Content/EngineFonts/Faces/RobotoBoldItalic.ufont" 376
"../../../Engine/Content/EngineFonts/Faces/RobotoBold.uasset" 377
"../../../Engine/Content/EngineFonts/Faces/RobotoBold.uexp" 378
"../../../Engine/Content/EngineFonts/Faces/RobotoBold.ufont" 379
"../../../Engine/Content/EngineFonts/Faces/DroidSansFallback.uasset" 380
"../../../Engine/Content/EngineFonts/Faces/DroidSansFallback.uexp" 381
"../../../Engine/Content/EngineFonts/Faces/DroidSansFallback.ufont" 382
"../../../Engine/Content/EngineFonts/Roboto.uasset" 383
"../../../Engine/Content/EngineFonts/Roboto.uexp" 384
"../../../Engine/Content/EngineMaterials/BaseFlattenNormalMap.uasset" 385
"../../../Engine/Content/EngineMaterials/BaseFlattenNormalMap.uexp" 386
"../../../Engine/Content/EngineMaterials/BaseFlattenGrayscaleMap.uasset" 387
"../../../Engine/Content/EngineMaterials/BaseFlattenGrayscaleMap.uexp" 388
"../../../Engine/Content/EngineMaterials/BaseFlattenEmissiveMap.uasset" 389
"../../../Engine/Content/EngineMaterials/BaseFlattenEmissiveMap.uexp" 390
"../../../Engine/Content/EngineMaterials/BaseFlattenDiffuseMap.uasset" 391
"../../../Engine/Content/EngineMaterials/BaseFlattenDiffuseMap.uexp" 392
"../../../Engine/Content/EngineMaterials/BaseFlattenMaterial.uasset" 393
"../../../Engine/Content/EngineMaterials/BaseFlattenMaterial.uexp" 394
"../../../Engine/Content/EngineMaterials/BlueNoise.uasset" 395
"../../../Engine/Content/EngineMaterials/BlueNoise.uexp" 396
"../../../Engine/Content/EngineMaterials/DefaultBloomKernel.uasset" 397
"../../../Engine/Content/EngineMaterials/DefaultBloomKernel.uexp" 398
"../../../Engine/Content/EngineMaterials/DefaultBokeh.uasset" 399
"../../../Engine/Content/EngineMaterials/DefaultBokeh.uexp" 400
"../../../Engine/Content/EngineMaterials/DefaultDiffuse.uasset" 401
"../../../Engine/Content/EngineMaterials/DefaultDiffuse.uexp" 402
"../../../Engine/Content/EngineMaterials/DefaultDiffuse.ubulk" 403
"../../../Engine/Content/EngineMaterials/DefaultDeferredDecalMaterial.uasset" 404
"../../../Engine/Content/EngineMaterials/DefaultDeferredDecalMaterial.uexp" 405
"../../../Engine/Content/EngineMaterials/DefaultLightFunctionMaterial.uasset" 406
"../../../Engine/Content/EngineMaterials/DefaultLightFunctionMaterial.uexp" 407
"../../../Engine/Content/EngineMaterials/DefaultPhysicalMaterial.uasset" 408
"../../../Engine/Content/EngineMaterials/DefaultPhysicalMaterial.uexp" 409
"../../../Engine/Content/Functions/Engine_MaterialFunctions02/Utility/BreakOutFloat2Components.uasset" 410
"../../../Engine/Content/Functions/Engine_MaterialFunctions02/Utility/BreakOutFloat2Components.uexp" 411
"../../../Engine/Content/EngineMaterials/DefaultPostProcessMaterial.uasset" 412
"../../../Engine/Content/EngineMaterials/DefaultPostProcessMaterial.uexp" 413
"../../../Engine/Content/EngineFonts/RobotoDistanceField.uasset" 414
"../../../Engine/Content/EngineFonts/RobotoDistanceField.uexp" 415
"../../../Engine/Content/EngineMaterials/DefaultTextMaterialOpaque.uasset" 416
"../../../Engine/Content/EngineMaterials/DefaultTextMaterialOpaque.uexp" 417
"../../../Engine/Content/EngineMaterials/DefaultWhiteGrid.uasset" 418
"../../../Engine/Content/EngineMaterials/DefaultWhiteGrid.uexp" 419
"../../../Engine/Content/EngineMaterials/DefaultWhiteGrid.ubulk" 420
"../../../Engine/Content/EngineMaterials/DefaultWhiteGrid_Low.uasset" 421
"../../../Engine/Content/EngineMaterials/DefaultWhiteGrid_Low.uexp" 422
"../../../Engine/Content/EngineMaterials/EmissiveMeshMaterial.uasset" 423
"../../../Engine/Content/EngineMaterials/EmissiveMeshMaterial.uexp" 424
"../../../Engine/Content/EngineMaterials/GizmoMaterial.uasset" 425
"../../../Engine/Content/EngineMaterials/GizmoMaterial.uexp" 426
"../../../Engine/Content/EngineMaterials/Good64x64TilingNoiseHighFreq.uasset" 427
"../../../Engine/Content/EngineMaterials/Good64x64TilingNoiseHighFreq.uexp" 428
"../../../Engine/Content/EngineMaterials/MiniFont.uasset" 429
"../../../Engine/Content/EngineMaterials/MiniFont.uexp" 430
"../../../Engine/Content/EngineMaterials/InvalidLightmapSettings.uasset" 431
"../../../Engine/Content/EngineMaterials/InvalidLightmapSettings.uexp" 432
"../../../Engine/Content/EngineMaterials/InvalidLightmapSettings.ubulk" 433
"../../../Engine/Content/EngineMaterials/M_InvalidLightmapSettings.uasset" 434
"../../../Engine/Content/EngineMaterials/M_InvalidLightmapSettings.uexp" 435
"../../../Engine/Content/Functions/Engine_MaterialFunctions02/WorldPositionOffset/CameraOffset.uasset" 436
"../../../Engine/Content/Functions/Engine_MaterialFunctions02/WorldPositionOffset/CameraOffset.uexp" 437
"../../../Engine/Content/EngineMaterials/PhAT_JointLimitMaterial.uasset" 438
"../../../Engine/Content/EngineMaterials/PhAT_JointLimitMaterial.uexp" 439
"../../../Engine/Content/EngineMaterials/DefaultCalibrationColor.uasset" 440
"../../../Engine/Content/EngineMaterials/DefaultCalibrationColor.uexp" 441
"../../../Engine/Content/EngineMaterials/PPM_DefaultCalibrationColor.uasset" 442
"../../../Engine/Content/EngineMaterials/PPM_DefaultCalibrationColor.uexp" 443
"../../../Engine/Content/EngineMaterials/DefaultCalibrationGrayscale.uasset" 444
"../../../Engine/Content/EngineMaterials/DefaultCalibrationGrayscale.uexp" 445
"../../../Engine/Content/EngineMaterials/PPM_DefaultCalibrationGrayscale.uasset" 446
"../../../Engine/Content/EngineMaterials/PPM_DefaultCalibrationGrayscale.uexp" 447
"../../../Engine/Content/EngineMaterials/PreintegratedSkinBRDF.uasset" 448
"../../../Engine/Content/EngineMaterials/PreintegratedSkinBRDF.uexp" 449
"../../../Engine/Content/EngineMaterials/RemoveSurfaceMaterial.uasset" 450
"../../../Engine/Content/EngineMaterials/RemoveSurfaceMaterial.uexp" 451
"../../../Engine/Content/EngineMaterials/WeightMapPlaceholderTexture.uasset" 452
"../../../Engine/Content/EngineMaterials/WeightMapPlaceholderTexture.uexp" 453
"../../../Engine/Content/EngineResources/WhiteSquareTexture.uasset" 454
"../../../Engine/Content/EngineResources/WhiteSquareTexture.uexp" 455
"../../../Engine/Content/EngineMaterials/Widget3DPassThrough.uasset" 456
"../../../Engine/Content/EngineMaterials/Widget3DPassThrough.uexp" 457
"../../../Engine/Content/EngineMaterials/Widget3DPassThrough_Masked.uasset" 458
"../../../Engine/Content/EngineMaterials/Widget3DPassThrough_Masked.uexp" 459
"../../../Engine/Content/EngineMaterials/Widget3DPassThrough_Opaque.uasset" 460
"../../../Engine/Content/EngineMaterials/Widget3DPassThrough_Opaque.uexp" 461
"../../../Engine/Content/EngineMaterials/Widget3DPassThrough_Masked_OneSided.uasset" 462
"../../../Engine/Content/EngineMaterials/Widget3DPassThrough_Masked_OneSided.uexp" 463
"../../../Engine/Content/EngineMaterials/Widget3DPassThrough_Opaque_OneSided.uasset" 464
"../../../Engine/Content/EngineMaterials/Widget3DPassThrough_Opaque_OneSided.uexp" 465
"../../../Engine/Content/EngineMaterials/Widget3DPassThrough_Translucent.uasset" 466
"../../../Engine/Content/EngineMaterials/Widget3DPassThrough_Translucent.uexp" 467
"../../../Engine/Content/EngineMaterials/Widget3DPassThrough_Translucent_OneSided.uasset" 468
"../../../Engine/Content/EngineMaterials/Widget3DPassThrough_Translucent_OneSided.uexp" 469
"../../../Engine/Content/EngineMeshes/Cylinder.uasset" 470
"../../../Engine/Content/EngineMeshes/Cylinder.uexp" 471
"../../../Engine/Content/EngineMeshes/Sphere.uasset" 472
"../../../Engine/Content/EngineMeshes/Sphere.uexp" 473
"../../../Engine/Content/EngineResources/DefaultTexture.uasset" 474
"../../../Engine/Content/EngineResources/DefaultTexture.uexp" 475
"../../../Engine/Content/EngineResources/DefaultTexture.ubulk" 476
"../../../Engine/Content/EngineResources/DefaultTextureCube.uasset" 477
"../../../Engine/Content/EngineResources/DefaultTextureCube.uexp" 478
"../../../Engine/Content/EngineResources/DefaultVolumeTexture2D.uasset" 479
"../../../Engine/Content/EngineResources/DefaultVolumeTexture2D.uexp" 480
"../../../Engine/Content/EngineResources/DefaultVolumeTexture.uasset" 481
"../../../Engine/Content/EngineResources/DefaultVolumeTexture.uexp" 482
"../../../Engine/Content/EngineResources/GradientTexture0.uasset" 483
"../../../Engine/Content/EngineResources/GradientTexture0.uexp" 484
"../../../Engine/Content/EngineSky/VolumetricClouds/T_NoiseShape64.uasset" 485
"../../../Engine/Content/EngineSky/VolumetricClouds/T_NoiseShape64.uexp" 486
"../../../Engine/Content/EngineSky/VolumetricClouds/T_NoiseShape64.ubulk" 487
"../../../Engine/Content/EngineSky/VolumetricClouds/T_VolumeNoiseShape64.uasset" 488
"../../../Engine/Content/EngineSky/VolumetricClouds/T_VolumeNoiseShape64.uexp" 489
"../../../Engine/Content/EngineSky/VolumetricClouds/T_NoiseErosion.uasset" 490
"../../../Engine/Content/EngineSky/VolumetricClouds/T_NoiseErosion.uexp" 491
"../../../Engine/Content/EngineSky/VolumetricClouds/T_NoiseErosion.ubulk" 492
"../../../Engine/Content/EngineSky/VolumetricClouds/T_VolumeNoiseErosion32.uasset" 493
"../../../Engine/Content/EngineSky/VolumetricClouds/T_VolumeNoiseErosion32.uexp" 494
"../../../Engine/Content/EngineSky/VolumetricClouds/CloudWeatherTexture.uasset" 495
"../../../Engine/Content/EngineSky/VolumetricClouds/CloudWeatherTexture.uexp" 496
"../../../Engine/Content/EngineSky/VolumetricClouds/CloudGradientTexture.uasset" 497
"../../../Engine/Content/EngineSky/VolumetricClouds/CloudGradientTexture.uexp" 498
"../../../Engine/Content/Functions/Engine_MaterialFunctions02/Utility/MakeFloat2.uasset" 499
"../../../Engine/Content/Functions/Engine_MaterialFunctions02/Utility/MakeFloat2.uexp" 500
"../../../Engine/Content/EngineSky/VolumetricClouds/m_SimpleVolumetricCloud.uasset" 501
"../../../Engine/Content/EngineSky/VolumetricClouds/m_SimpleVolumetricCloud.uexp" 502
"../../../Engine/Content/EngineSky/VolumetricClouds/m_SimpleVolumetricCloud_Inst.uasset" 503
"../../../Engine/Content/EngineSky/VolumetricClouds/m_SimpleVolumetricCloud_Inst.uexp" 504
"../../../Engine/Content/EngineSounds/Master.uasset" 505
"../../../Engine/Content/EngineSounds/Master.uexp" 506
"../../../Engine/Content/Functions/Engine_MaterialFunctions01/Shading/PowerToRoughness.uasset" 507
"../../../Engine/Content/Functions/Engine_MaterialFunctions01/Shading/PowerToRoughness.uexp" 508
"../../../Engine/Content/Maps/Templates/Thumbnails/Default.uasset" 509
"../../../Engine/Content/Maps/Templates/Thumbnails/Default.uexp" 510
"../../../Engine/Content/Maps/Templates/Thumbnails/TimeOfDay.uasset" 511
"../../../Engine/Content/Maps/Templates/Thumbnails/TimeOfDay.uexp" 512
"../../../Engine/Content/Maps/Templates/Thumbnails/VR-Basic.uasset" 513
"../../../Engine/Content/Maps/Templates/Thumbnails/VR-Basic.uexp" 514
"../../../Engine/Content/MobileResources/T_MobileControls_texture.uasset" 515
"../../../Engine/Content/MobileResources/T_MobileControls_texture.uexp" 516
"../../../Engine/Content/MobileResources/T_MobileMenu2.uasset" 517
"../../../Engine/Content/MobileResources/T_MobileMenu2.uexp" 518
"../../../Engine/Content/MobileResources/HUD/AnalogHat.uasset" 519
"../../../Engine/Content/MobileResources/HUD/AnalogHat.uexp" 520
"../../../Engine/Content/MobileResources/HUD/VirtualJoystick_Thumb.uasset" 521
"../../../Engine/Content/MobileResources/HUD/VirtualJoystick_Thumb.uexp" 522
"../../../Engine/Content/MobileResources/HUD/VirtualJoystick_Background.uasset" 523
"../../../Engine/Content/MobileResources/HUD/VirtualJoystick_Background.uexp" 524
"../../../Engine/Content/MobileResources/HUD/DefaultVirtualJoysticks.uasset" 525
"../../../Engine/Content/MobileResources/HUD/DefaultVirtualJoysticks.uexp" 526
"../../../Engine/Content/MobileResources/HUD/LeftVirtualJoystickOnly.uasset" 527
"../../../Engine/Content/MobileResources/HUD/LeftVirtualJoystickOnly.uexp" 528
"../../../Engine/Content/MobileResources/HUD/MobileHUDButton1_off.uasset" 529
"../../../Engine/Content/MobileResources/HUD/MobileHUDButton1_off.uexp" 530
"../../../Engine/Content/MobileResources/HUD/MobileHUDButton1_on.uasset" 531
"../../../Engine/Content/MobileResources/HUD/MobileHUDButton1_on.uexp" 532
"../../../Engine/Content/MobileResources/HUD/MobileHUDButton2_off.uasset" 533
"../../../Engine/Content/MobileResources/HUD/MobileHUDButton2_off.uexp" 534
"../../../Engine/Content/MobileResources/HUD/MobileHUDButton2_on.uasset" 535
"../../../Engine/Content/MobileResources/HUD/MobileHUDButton2_on.uexp" 536
"../../../Engine/Content/MobileResources/HUD/MobileHUDButton3.uasset" 537
"../../../Engine/Content/MobileResources/HUD/MobileHUDButton3.uexp" 538
"../../../Engine/Content/MobileResources/HUD/MobileHUDButtonFire.uasset" 539
"../../../Engine/Content/MobileResources/HUD/MobileHUDButtonFire.uexp" 540
"../../../Engine/Content/MobileResources/HUD/MobileHUDDirectionPad.uasset" 541
"../../../Engine/Content/MobileResources/HUD/MobileHUDDirectionPad.uexp" 542
"../../../Engine/Content/MobileResources/HUD/MobileHUDDirectionPad2.uasset" 543
"../../../Engine/Content/MobileResources/HUD/MobileHUDDirectionPad2.uexp" 544
"../../../Engine/Content/MobileResources/HUD/MobileHUDDirectionPad3.uasset" 545
"../../../Engine/Content/MobileResources/HUD/MobileHUDDirectionPad3.uexp" 546
"../../../Engine/Content/MobileResources/HUD/MobileHUDDirectionStick.uasset" 547
"../../../Engine/Content/MobileResources/HUD/MobileHUDDirectionStick.uexp" 548
"../../../Engine/Content/MobileResources/HUD/T_Castle_ThumbstickInner.uasset" 549
"../../../Engine/Content/MobileResources/HUD/T_Castle_ThumbstickInner.uexp" 550
"../../../Engine/Content/MobileResources/HUD/T_Castle_ThumbstickOutter.uasset" 551
"../../../Engine/Content/MobileResources/HUD/T_Castle_ThumbstickOutter.uexp" 552
"../../../Engine/Content/Tutorial/ContentIntroCurve.uasset" 553
"../../../Engine/Content/Tutorial/ContentIntroCurve.uexp" 554
"../../../Engine/Content/Tutorial/Basics/TutorialAssets/icon_tab_Levels_40x.uasset" 555
"../../../Engine/Content/Tutorial/Basics/TutorialAssets/icon_tab_Levels_40x.uexp" 556
"../../../Engine/Content/VREditor/TransformGizmo/TranslucentTransformGizmoMaterial.uasset" 557
"../../../Engine/Content/VREditor/TransformGizmo/TranslucentTransformGizmoMaterial.uexp" 558
"../../../Engine/Content/VREditor/LaserPointer/VR_LaserPower_01.uasset" 559
"../../../Engine/Content/VREditor/LaserPointer/VR_LaserPower_01.uexp" 560
"../../../Engine/Content/VREditor/LaserPointer/VR_LaserPower_01.ubulk" 561
"../../../Engine/Content/VREditor/TransformGizmo/TransformGizmoMaterial.uasset" 562
"../../../Engine/Content/VREditor/TransformGizmo/TransformGizmoMaterial.uexp" 563
"../../../Engine/Content/VREditor/TransformGizmo/BoundingBoxCorner.uasset" 564
"../../../Engine/Content/VREditor/TransformGizmo/BoundingBoxCorner.uexp" 565
"../../../Engine/Content/VREditor/TransformGizmo/BoundingBoxEdge.uasset" 566
"../../../Engine/Content/VREditor/TransformGizmo/BoundingBoxEdge.uexp" 567
"../../../Engine/Content/VREditor/TransformGizmo/PlaneTranslationHandle.uasset" 568
"../../../Engine/Content/VREditor/TransformGizmo/PlaneTranslationHandle.uexp" 569
"../../../Engine/Content/VREditor/TransformGizmo/Xray.uasset" 570
"../../../Engine/Content/VREditor/TransformGizmo/Xray.uexp" 571
"../../../Engine/Content/VREditor/TransformGizmo/Main.uasset" 572
"../../../Engine/Content/VREditor/TransformGizmo/Main.uexp" 573
"../../../Engine/Content/VREditor/TransformGizmo/SM_Sequencer_Key.uasset" 574
"../../../Engine/Content/VREditor/TransformGizmo/SM_Sequencer_Key.uexp" 575
"../../../Engine/Content/VREditor/TransformGizmo/SM_Sequencer_Node.uasset" 576
"../../../Engine/Content/VREditor/TransformGizmo/SM_Sequencer_Node.uexp" 577
"../../../Engine/Plugins/2D/Paper2D/Content/DummySprite.uasset" 578
"../../../Engine/Plugins/2D/Paper2D/Content/DummySprite.uexp" 579
"../../../Engine/Plugins/2D/Paper2D/Content/DefaultPaperTerrainMaterial.uasset" 580
"../../../Engine/Plugins/2D/Paper2D/Content/DefaultPaperTerrainMaterial.uexp" 581
"../../../Engine/Plugins/2D/Paper2D/Content/MaskedUnlitSpriteMaterial.uasset" 582
"../../../Engine/Plugins/2D/Paper2D/Content/MaskedUnlitSpriteMaterial.uexp" 583
"../../../Engine/Plugins/2D/Paper2D/Content/OpaqueUnlitSpriteMaterial.uasset" 584
"../../../Engine/Plugins/2D/Paper2D/Content/OpaqueUnlitSpriteMaterial.uexp" 585
"../../../Engine/Content/Functions/Engine_MaterialFunctions02/Utility/VectorLength.uasset" 586
"../../../Engine/Content/Functions/Engine_MaterialFunctions02/Utility/VectorLength.uexp" 587
"../../../Engine/Content/Functions/Engine_MaterialFunctions02/ObjectLocalBounds.uasset" 588
"../../../Engine/Content/Functions/Engine_MaterialFunctions02/ObjectLocalBounds.uexp" 589
"../../../Engine/Content/Functions/Engine_MaterialFunctions02/WorldPositionOffset/ObjectScale.uasset" 590
"../../../Engine/Content/Functions/Engine_MaterialFunctions02/WorldPositionOffset/ObjectScale.uexp" 591
"../../../Engine/Content/Functions/Engine_MaterialFunctions02/Utility/BreakOutFloat3Components.uasset" 592
"../../../Engine/Content/Functions/Engine_MaterialFunctions02/Utility/BreakOutFloat3Components.uexp" 593
"../../../Engine/Plugins/Editor/SpeedTreeImporter/Content/SpeedTree9/UnpackInteger3.uasset" 594
"../../../Engine/Plugins/Editor/SpeedTreeImporter/Content/SpeedTree9/UnpackInteger3.uexp" 595
"../../../Engine/Plugins/Editor/SpeedTreeImporter/Content/SpeedTree9/UnpackDirection.uasset" 596
"../../../Engine/Plugins/Editor/SpeedTreeImporter/Content/SpeedTree9/UnpackDirection.uexp" 597
"../../../Engine/Plugins/Editor/SpeedTreeImporter/Content/SpeedTree9/game_wind_noise.uasset" 598
"../../../Engine/Plugins/Editor/SpeedTreeImporter/Content/SpeedTree9/game_wind_noise.uexp" 599
"../../../Engine/Plugins/Editor/SpeedTreeImporter/Content/SpeedTree9/game_wind_noise.ubulk" 600
"../../../Engine/Content/Functions/Engine_MaterialFunctions02/SafeNormalize.uasset" 601
"../../../Engine/Content/Functions/Engine_MaterialFunctions02/SafeNormalize.uexp" 602
"../../../Engine/Plugins/Editor/SpeedTreeImporter/Content/SpeedTree9/SpeedTreeWindMotion.uasset" 603
"../../../Engine/Plugins/Editor/SpeedTreeImporter/Content/SpeedTree9/SpeedTreeWindMotion.uexp" 604
"../../../Engine/Plugins/Editor/SpeedTreeImporter/Content/SpeedTree9/SpeedTreeBranchMotion.uasset" 605
"../../../Engine/Plugins/Editor/SpeedTreeImporter/Content/SpeedTree9/SpeedTreeBranchMotion.uexp" 606
"../../../Engine/Content/Functions/Engine_MaterialFunctions02/UVs/BoundingBoxBased_0-1_UVW.uasset" 607
"../../../Engine/Content/Functions/Engine_MaterialFunctions02/UVs/BoundingBoxBased_0-1_UVW.uexp" 608
"../../../Engine/Plugins/Editor/SpeedTreeImporter/Content/SpeedTree9/SpeedTreeWind.uasset" 609
"../../../Engine/Plugins/Editor/SpeedTreeImporter/Content/SpeedTree9/SpeedTreeWind.uexp" 610
"../../../Engine/Plugins/Editor/SpeedTreeImporter/Content/SpeedTree9/SpeedTreeBillboard.uasset" 611
"../../../Engine/Plugins/Editor/SpeedTreeImporter/Content/SpeedTree9/SpeedTreeBillboard.uexp" 612
"../../../Engine/Plugins/Editor/SpeedTreeImporter/Content/SpeedTree9/EmptyNormal.uasset" 613
"../../../Engine/Plugins/Editor/SpeedTreeImporter/Content/SpeedTree9/EmptyNormal.uexp" 614
"../../../Engine/Plugins/Editor/SpeedTreeImporter/Content/SpeedTree9/Empty.uasset" 615
"../../../Engine/Plugins/Editor/SpeedTreeImporter/Content/SpeedTree9/Empty.uexp" 616
"../../../Engine/Plugins/Editor/SpeedTreeImporter/Content/SpeedTree9/SpeedTreeBillboardMaster.uasset" 617
"../../../Engine/Plugins/Editor/SpeedTreeImporter/Content/SpeedTree9/SpeedTreeBillboardMaster.uexp" 618
"../../../Engine/Plugins/Editor/SpeedTreeImporter/Content/SpeedTree9/SpeedTreeCameraFacing.uasset" 619
"../../../Engine/Plugins/Editor/SpeedTreeImporter/Content/SpeedTree9/SpeedTreeCameraFacing.uexp" 620
"../../../Engine/Plugins/Editor/SpeedTreeImporter/Content/SpeedTree9/SpeedTreeMaster.uasset" 621
"../../../Engine/Plugins/Editor/SpeedTreeImporter/Content/SpeedTree9/SpeedTreeMaster.uexp" 622
"../../../Engine/Content/BasicShapes/Cylinder.uasset" 623
"../../../Engine/Content/BasicShapes/Cylinder.uexp" 624
"../../../Engine/Content/ArtTools/RenderToTexture/Materials/Debug/M_Emissive_Color.uasset" 625
"../../../Engine/Content/ArtTools/RenderToTexture/Materials/Debug/M_Emissive_Color.uexp" 626
"../../../Engine/Plugins/Lumin/MagicLeapPassableWorld/Content/MagicLeapARPinInfoActor.uasset" 627
"../../../Engine/Plugins/Lumin/MagicLeapPassableWorld/Content/MagicLeapARPinInfoActor.uexp" 628
"../../../Engine/Plugins/Runtime/OpenXR/Content/Devices/GoogleDaydream/MRTexture.uasset" 629
"../../../Engine/Plugins/Runtime/OpenXR/Content/Devices/GoogleDaydream/MRTexture.uexp" 630
"../../../Engine/Plugins/Runtime/OpenXR/Content/Devices/GoogleDaydream/MRTexture.ubulk" 631
"../../../Engine/Plugins/Runtime/OpenXR/Content/Devices/GoogleDaydream/BaseTexture.uasset" 632
"../../../Engine/Plugins/Runtime/OpenXR/Content/Devices/GoogleDaydream/BaseTexture.uexp" 633
"../../../Engine/Plugins/Runtime/OpenXR/Content/Devices/GoogleDaydream/BaseTexture.ubulk" 634
"../../../Engine/Content/EngineResources/Black.uasset" 635
"../../../Engine/Content/EngineResources/Black.uexp" 636
"../../../Engine/Plugins/Runtime/OpenXR/Content/Devices/M_XRController.uasset" 637
"../../../Engine/Plugins/Runtime/OpenXR/Content/Devices/M_XRController.uexp" 638
"../../../Engine/Plugins/Runtime/OpenXR/Content/Devices/GoogleDaydream/MI_GoogleDaydream.uasset" 639
"../../../Engine/Plugins/Runtime/OpenXR/Content/Devices/GoogleDaydream/MI_GoogleDaydream.uexp" 640
"../../../Engine/Plugins/Runtime/OpenXR/Content/Devices/GoogleDaydream/GoogleDaydreamController.uasset" 641
"../../../Engine/Plugins/Runtime/OpenXR/Content/Devices/GoogleDaydream/GoogleDaydreamController.uexp" 642
"../../../Engine/Plugins/Runtime/OpenXR/Content/Devices/HTCVive/BaseTexture.uasset" 643
"../../../Engine/Plugins/Runtime/OpenXR/Content/Devices/HTCVive/BaseTexture.uexp" 644
"../../../Engine/Plugins/Runtime/OpenXR/Content/Devices/HTCVive/BaseTexture.ubulk" 645
"../../../Engine/Plugins/Runtime/OpenXR/Content/Devices/HTCVive/MI_HTCVive.uasset" 646
"../../../Engine/Plugins/Runtime/OpenXR/Content/Devices/HTCVive/MI_HTCVive.uexp" 647
"../../../Engine/Plugins/Runtime/OpenXR/Content/Devices/HTCVive/HTCViveController.uasset" 648
"../../../Engine/Plugins/Runtime/OpenXR/Content/Devices/HTCVive/HTCViveController.uexp" 649
"../../../Engine/Plugins/Runtime/OpenXR/Content/Devices/MicrosoftMixedReality/NormalTexture.uasset" 650
"../../../Engine/Plugins/Runtime/OpenXR/Content/Devices/MicrosoftMixedReality/NormalTexture.uexp" 651
"../../../Engine/Plugins/Runtime/OpenXR/Content/Devices/MicrosoftMixedReality/NormalTexture.ubulk" 652
"../../../Engine/Plugins/Runtime/OpenXR/Content/Devices/MicrosoftMixedReality/MRTexture.uasset" 653
"../../../Engine/Plugins/Runtime/OpenXR/Content/Devices/MicrosoftMixedReality/MRTexture.uexp" 654
"../../../Engine/Plugins/Runtime/OpenXR/Content/Devices/MicrosoftMixedReality/MRTexture.ubulk" 655
"../../../Engine/Plugins/Runtime/OpenXR/Content/Devices/MicrosoftMixedReality/EmissiveTexture.uasset" 656
"../../../Engine/Plugins/Runtime/OpenXR/Content/Devices/MicrosoftMixedReality/EmissiveTexture.uexp" 657
"../../../Engine/Plugins/Runtime/OpenXR/Content/Devices/MicrosoftMixedReality/EmissiveTexture.ubulk" 658
"../../../Engine/Plugins/Runtime/OpenXR/Content/Devices/MicrosoftMixedReality/BaseTexture.uasset" 659
"../../../Engine/Plugins/Runtime/OpenXR/Content/Devices/MicrosoftMixedReality/BaseTexture.uexp" 660
"../../../Engine/Plugins/Runtime/OpenXR/Content/Devices/MicrosoftMixedReality/BaseTexture.ubulk" 661
"../../../Engine/Plugins/Runtime/OpenXR/Content/Devices/MicrosoftMixedReality/MI_MicrosoftMixedReality.uasset" 662
"../../../Engine/Plugins/Runtime/OpenXR/Content/Devices/MicrosoftMixedReality/MI_MicrosoftMixedReality.uexp" 663
"../../../Engine/Plugins/Runtime/OpenXR/Content/Devices/MicrosoftMixedReality/Left/left_MicrosoftMixedRealityController.uasset" 664
"../../../Engine/Plugins/Runtime/OpenXR/Content/Devices/MicrosoftMixedReality/Left/left_MicrosoftMixedRealityController.uexp" 665
"../../../Engine/Plugins/Runtime/OpenXR/Content/Devices/MicrosoftMixedReality/Right/right_MicrosoftMixedRealityController.uasset" 666
"../../../Engine/Plugins/Runtime/OpenXR/Content/Devices/MicrosoftMixedReality/Right/right_MicrosoftMixedRealityController.uexp" 667
"../../../Engine/Plugins/Runtime/OpenXR/Content/Devices/OculusGo/BaseTexture.uasset" 668
"../../../Engine/Plugins/Runtime/OpenXR/Content/Devices/OculusGo/BaseTexture.uexp" 669
"../../../Engine/Plugins/Runtime/OpenXR/Content/Devices/OculusGo/BaseTexture.ubulk" 670
"../../../Engine/Plugins/Runtime/OpenXR/Content/Devices/OculusGo/MI_OculusGo.uasset" 671
"../../../Engine/Plugins/Runtime/OpenXR/Content/Devices/OculusGo/MI_OculusGo.uexp" 672
"../../../Engine/Plugins/Runtime/OpenXR/Content/Devices/OculusGo/OculusGoController.uasset" 673
"../../../Engine/Plugins/Runtime/OpenXR/Content/Devices/OculusGo/OculusGoController.uexp" 674
"../../../Engine/Plugins/Runtime/OpenXR/Content/Devices/OculusTouch/MRTexture.uasset" 675
"../../../Engine/Plugins/Runtime/OpenXR/Content/Devices/OculusTouch/MRTexture.uexp" 676
"../../../Engine/Plugins/Runtime/OpenXR/Content/Devices/OculusTouch/MRTexture.ubulk" 677
"../../../Engine/Plugins/Runtime/OpenXR/Content/Devices/OculusTouch/BaseTexture.uasset" 678
"../../../Engine/Plugins/Runtime/OpenXR/Content/Devices/OculusTouch/BaseTexture.uexp" 679
"../../../Engine/Plugins/Runtime/OpenXR/Content/Devices/OculusTouch/BaseTexture.ubulk" 680
"../../../Engine/Plugins/Runtime/OpenXR/Content/Devices/OculusTouch/MI_OculusTouch.uasset" 681
"../../../Engine/Plugins/Runtime/OpenXR/Content/Devices/OculusTouch/MI_OculusTouch.uexp" 682
"../../../Engine/Plugins/Runtime/OpenXR/Content/Devices/OculusTouch/Left/left_OculusTouchController.uasset" 683
"../../../Engine/Plugins/Runtime/OpenXR/Content/Devices/OculusTouch/Left/left_OculusTouchController.uexp" 684
"../../../Engine/Plugins/Runtime/OpenXR/Content/Devices/OculusTouch/Right/right_OculusTouchController.uasset" 685
"../../../Engine/Plugins/Runtime/OpenXR/Content/Devices/OculusTouch/Right/right_OculusTouchController.uexp" 686
"../../../Engine/Plugins/Runtime/OpenXR/Content/Devices/OculusTouch_v2/MRTexture.uasset" 687
"../../../Engine/Plugins/Runtime/OpenXR/Content/Devices/OculusTouch_v2/MRTexture.uexp" 688
"../../../Engine/Plugins/Runtime/OpenXR/Content/Devices/OculusTouch_v2/MRTexture.ubulk" 689
"../../../Engine/Plugins/Runtime/OpenXR/Content/Devices/OculusTouch_v2/BaseTexture.uasset" 690
"../../../Engine/Plugins/Runtime/OpenXR/Content/Devices/OculusTouch_v2/BaseTexture.uexp" 691
"../../../Engine/Plugins/Runtime/OpenXR/Content/Devices/OculusTouch_v2/BaseTexture.ubulk" 692
"../../../Engine/Plugins/Runtime/OpenXR/Content/Devices/OculusTouch_v2/MI_OculusTouch_v2.uasset" 693
"../../../Engine/Plugins/Runtime/OpenXR/Content/Devices/OculusTouch_v2/MI_OculusTouch_v2.uexp" 694
"../../../Engine/Plugins/Runtime/OpenXR/Content/Devices/OculusTouch_v2/Left/left_OculusTouch_v2Controller.uasset" 695
"../../../Engine/Plugins/Runtime/OpenXR/Content/Devices/OculusTouch_v2/Left/left_OculusTouch_v2Controller.uexp" 696
"../../../Engine/Plugins/Runtime/OpenXR/Content/Devices/OculusTouch_v2/Right/right_OculusTouch_v2Controller.uasset" 697
"../../../Engine/Plugins/Runtime/OpenXR/Content/Devices/OculusTouch_v2/Right/right_OculusTouch_v2Controller.uexp" 698
"../../../Engine/Plugins/Runtime/OpenXR/Content/Devices/OculusTouch_v3/MRTexture.uasset" 699
"../../../Engine/Plugins/Runtime/OpenXR/Content/Devices/OculusTouch_v3/MRTexture.uexp" 700
"../../../Engine/Plugins/Runtime/OpenXR/Content/Devices/OculusTouch_v3/MRTexture.ubulk" 701
"../../../Engine/Plugins/Runtime/OpenXR/Content/Devices/OculusTouch_v3/BaseTexture.uasset" 702
"../../../Engine/Plugins/Runtime/OpenXR/Content/Devices/OculusTouch_v3/BaseTexture.uexp" 703
"../../../Engine/Plugins/Runtime/OpenXR/Content/Devices/OculusTouch_v3/BaseTexture.ubulk" 704
"../../../Engine/Plugins/Runtime/OpenXR/Content/Devices/OculusTouch_v3/MI_OculusTouch_v3.uasset" 705
"../../../Engine/Plugins/Runtime/OpenXR/Content/Devices/OculusTouch_v3/MI_OculusTouch_v3.uexp" 706
"../../../Engine/Plugins/Runtime/OpenXR/Content/Devices/OculusTouch_v3/Left/left_OculusTouch_v3Controller.uasset" 707
"../../../Engine/Plugins/Runtime/OpenXR/Content/Devices/OculusTouch_v3/Left/left_OculusTouch_v3Controller.uexp" 708
"../../../Engine/Plugins/Runtime/OpenXR/Content/Devices/OculusTouch_v3/Right/right_OculusTouch_v3Controller.uasset" 709
"../../../Engine/Plugins/Runtime/OpenXR/Content/Devices/OculusTouch_v3/Right/right_OculusTouch_v3Controller.uexp" 710
"../../../Engine/Plugins/Runtime/OpenXR/Content/Devices/ValveIndex/MRTexture.uasset" 711
"../../../Engine/Plugins/Runtime/OpenXR/Content/Devices/ValveIndex/MRTexture.uexp" 712
"../../../Engine/Plugins/Runtime/OpenXR/Content/Devices/ValveIndex/MRTexture.ubulk" 713
"../../../Engine/Plugins/Runtime/OpenXR/Content/Devices/ValveIndex/BaseTexture.uasset" 714
"../../../Engine/Plugins/Runtime/OpenXR/Content/Devices/ValveIndex/BaseTexture.uexp" 715
"../../../Engine/Plugins/Runtime/OpenXR/Content/Devices/ValveIndex/BaseTexture.ubulk" 716
"../../../Engine/Plugins/Runtime/OpenXR/Content/Devices/ValveIndex/Left/MI_left_ValveIndex.uasset" 717
"../../../Engine/Plugins/Runtime/OpenXR/Content/Devices/ValveIndex/Left/MI_left_ValveIndex.uexp" 718
"../../../Engine/Plugins/Runtime/OpenXR/Content/Devices/ValveIndex/Left/left_ValveIndexController.uasset" 719
"../../../Engine/Plugins/Runtime/OpenXR/Content/Devices/ValveIndex/Left/left_ValveIndexController.uexp" 720
"../../../Engine/Plugins/Runtime/OpenXR/Content/Devices/ValveIndex/Right/MI_right_ValveIndex.uasset" 721
"../../../Engine/Plugins/Runtime/OpenXR/Content/Devices/ValveIndex/Right/MI_right_ValveIndex.uexp" 722
"../../../Engine/Plugins/Runtime/OpenXR/Content/Devices/ValveIndex/Right/right_ValveIndexController.uasset" 723
"../../../Engine/Plugins/Runtime/OpenXR/Content/Devices/ValveIndex/Right/right_ValveIndexController.uexp" 724
"../../../Engine/Content/Functions/Engine_MaterialFunctions02/Utility/BreakOutFloat4Components.uasset" 725
"../../../Engine/Content/Functions/Engine_MaterialFunctions02/Utility/BreakOutFloat4Components.uexp" 726
"../../../Engine/Content/Functions/Engine_MaterialFunctions02/Utility/MakeFloat3.uasset" 727
"../../../Engine/Content/Functions/Engine_MaterialFunctions02/Utility/MakeFloat3.uexp" 728
"../../../Engine/Plugins/Runtime/Oculus/OculusVR/Content/Materials/OculusMR_ChromaKey.uasset" 729
"../../../Engine/Plugins/Runtime/Oculus/OculusVR/Content/Materials/OculusMR_ChromaKey.uexp" 730
"../../../Engine/Plugins/Runtime/Oculus/OculusVR/Content/Materials/OculusMR_OpaqueColoredMaterial.uasset" 731
"../../../Engine/Plugins/Runtime/Oculus/OculusVR/Content/Materials/OculusMR_OpaqueColoredMaterial.uexp" 732
"../../../Engine/Plugins/Runtime/Oculus/OculusVR/Content/Materials/PokeAHoleMaterial.uasset" 733
"../../../Engine/Plugins/Runtime/Oculus/OculusVR/Content/Materials/PokeAHoleMaterial.uexp" 734
"../../../Engine/Plugins/Runtime/Oculus/OculusVR/Content/Textures/touchController_controlmap.uasset" 735
"../../../Engine/Plugins/Runtime/Oculus/OculusVR/Content/Textures/touchController_controlmap.uexp" 736
"../../../Engine/Plugins/Runtime/Oculus/OculusVR/Content/Textures/touchController_controlmap.ubulk" 737
"../../../Engine/Plugins/Runtime/Oculus/OculusVR/Content/Textures/touchController_albedo.uasset" 738
"../../../Engine/Plugins/Runtime/Oculus/OculusVR/Content/Textures/touchController_albedo.uexp" 739
"../../../Engine/Plugins/Runtime/Oculus/OculusVR/Content/Textures/touchController_albedo.ubulk" 740
"../../../Engine/Plugins/Runtime/Oculus/OculusVR/Content/Materials/touchController_mat.uasset" 741
"../../../Engine/Plugins/Runtime/Oculus/OculusVR/Content/Materials/touchController_mat.uexp" 742
"../../../Engine/Plugins/Runtime/Oculus/OculusVR/Content/Meshes/LeftTouchController.uasset" 743
"../../../Engine/Plugins/Runtime/Oculus/OculusVR/Content/Meshes/LeftTouchController.uexp" 744
"../../../Engine/Plugins/Runtime/Oculus/OculusVR/Content/Textures/TouchForQuestRiftSController_albedo.uasset" 745
"../../../Engine/Plugins/Runtime/Oculus/OculusVR/Content/Textures/TouchForQuestRiftSController_albedo.uexp" 746
"../../../Engine/Plugins/Runtime/Oculus/OculusVR/Content/Textures/TouchForQuestRiftSController_albedo.ubulk" 747
"../../../Engine/Plugins/Runtime/Oculus/OculusVR/Content/Materials/TouchForQuestRiftSControllerMaterial.uasset" 748
"../../../Engine/Plugins/Runtime/Oculus/OculusVR/Content/Materials/TouchForQuestRiftSControllerMaterial.uexp" 749
"../../../Engine/Plugins/Runtime/Oculus/OculusVR/Content/Meshes/LeftTouchForQuestRiftSController.uasset" 750
"../../../Engine/Plugins/Runtime/Oculus/OculusVR/Content/Meshes/LeftTouchForQuestRiftSController.uexp" 751
"../../../Engine/Plugins/Runtime/Oculus/OculusVR/Content/Meshes/RiftHMD.uasset" 752
"../../../Engine/Plugins/Runtime/Oculus/OculusVR/Content/Meshes/RiftHMD.uexp" 753
"../../../Engine/Plugins/Runtime/Oculus/OculusVR/Content/Meshes/RightTouchController.uasset" 754
"../../../Engine/Plugins/Runtime/Oculus/OculusVR/Content/Meshes/RightTouchController.uexp" 755
"../../../Engine/Plugins/Runtime/Oculus/OculusVR/Content/Meshes/RightTouchForQuestRiftSController.uasset" 756
"../../../Engine/Plugins/Runtime/Oculus/OculusVR/Content/Meshes/RightTouchForQuestRiftSController.uexp" 757
"../../../Engine/Content/MapTemplates/SM_Template_Map_Floor.uasset" 758
"../../../Engine/Content/MapTemplates/SM_Template_Map_Floor.uexp" 759
"../../../Engine/Content/EngineSky/T_Sky_Stars.uasset" 760
"../../../Engine/Content/EngineSky/T_Sky_Stars.uexp" 761
"../../../Engine/Content/EngineSky/T_Sky_Stars.ubulk" 762
"../../../Engine/Content/EngineSky/T_Sky_Clouds_M.uasset" 763
"../../../Engine/Content/EngineSky/T_Sky_Clouds_M.uexp" 764
"../../../Engine/Content/EngineSky/T_Sky_Clouds_M.ubulk" 765
"../../../Engine/Content/EngineSky/T_Sky_Blue.uasset" 766
"../../../Engine/Content/EngineSky/T_Sky_Blue.uexp" 767
"../../../Engine/Content/EngineSky/T_Sky_Blue.ubulk" 768
"../../../Engine/Content/EngineSky/M_Sky_Panning_Clouds2.uasset" 769
"../../../Engine/Content/EngineSky/M_Sky_Panning_Clouds2.uexp" 770
"C:/Users/Nitro 5 PC/Documents/Unreal Projects/Project_1_Dog/Content/Dog_Level_01_BuiltData.uasset" 771
"C:/Users/Nitro 5 PC/Documents/Unreal Projects/Project_1_Dog/Content/Dog_Level_01_BuiltData.uexp" 772
"C:/Users/Nitro 5 PC/Documents/Unreal Projects/Project_1_Dog/Content/Dog_Level_01_BuiltData.ubulk" 773
"../../../Engine/Content/EditorBlueprintResources/StandardMacros.uasset" 774
"../../../Engine/Content/EditorBlueprintResources/StandardMacros.uexp" 775
"../../../Engine/Content/EngineSky/SM_SkySphere.uasset" 776
"../../../Engine/Content/EngineSky/SM_SkySphere.uexp" 777
"../../../Engine/Content/EngineSky/C_Sky_Zenith_Color.uasset" 778
"../../../Engine/Content/EngineSky/C_Sky_Zenith_Color.uexp" 779
"../../../Engine/Content/EngineSky/C_Sky_Horizon_Color.uasset" 780
"../../../Engine/Content/EngineSky/C_Sky_Horizon_Color.uexp" 781
"../../../Engine/Content/EngineSky/C_Sky_Cloud_Color.uasset" 782
"../../../Engine/Content/EngineSky/C_Sky_Cloud_Color.uexp" 783
"../../../Engine/Content/EngineSky/BP_Sky_Sphere.uasset" 784
"../../../Engine/Content/EngineSky/BP_Sky_Sphere.uexp" 785
"C:/Users/Nitro 5 PC/Documents/Unreal Projects/Project_1_Dog/Content/Dog_Level_01.uexp" 786
"C:/Users/Nitro 5 PC/Documents/Unreal Projects/Project_1_Dog/Content/Dog_Level_01.umap" 787
"../../../Engine/Content/Maps/Entry_BuiltData.uasset" 788
"../../../Engine/Content/Maps/Entry_BuiltData.uexp" 789
"../../../Engine/Content/Maps/Entry.uexp" 790
"../../../Engine/Content/Maps/Entry.umap" 791
"../../../Engine/Content/Maps/Templates/Template_Default_BuiltData.uasset" 792
"../../../Engine/Content/Maps/Templates/Template_Default_BuiltData.uexp" 793
"../../../Engine/Content/Maps/Templates/Template_Default_BuiltData.ubulk" 794
"../../../Engine/Content/Maps/Templates/Template_Default.uexp" 795
"../../../Engine/Content/Maps/Templates/Template_Default.umap" 796
